{"/home/lalis/git/p5.js-web-editor/client/constants.js": {"path":"/home/lalis/git/p5.js-web-editor/client/constants.js","statementMap":{"0":{"start":{"line":3,"column":35},"end":{"line":3,"column":56}},"1":{"start":{"line":4,"column":29},"end":{"line":4,"column":44}},"2":{"start":{"line":6,"column":28},"end":{"line":6,"column":42}},"3":{"start":{"line":7,"column":27},"end":{"line":7,"column":40}},"4":{"start":{"line":9,"column":39},"end":{"line":9,"column":64}},"5":{"start":{"line":10,"column":38},"end":{"line":10,"column":62}},"6":{"start":{"line":12,"column":32},"end":{"line":12,"column":50}},"7":{"start":{"line":13,"column":33},"end":{"line":13,"column":52}},"8":{"start":{"line":14,"column":29},"end":{"line":14,"column":44}},"9":{"start":{"line":15,"column":32},"end":{"line":15,"column":50}},"10":{"start":{"line":17,"column":25},"end":{"line":17,"column":36}},"11":{"start":{"line":18,"column":27},"end":{"line":18,"column":40}},"12":{"start":{"line":19,"column":26},"end":{"line":19,"column":38}},"13":{"start":{"line":21,"column":32},"end":{"line":21,"column":50}},"14":{"start":{"line":23,"column":31},"end":{"line":23,"column":48}},"15":{"start":{"line":24,"column":31},"end":{"line":24,"column":48}},"16":{"start":{"line":26,"column":32},"end":{"line":26,"column":50}},"17":{"start":{"line":27,"column":30},"end":{"line":27,"column":46}},"18":{"start":{"line":29,"column":36},"end":{"line":29,"column":58}},"19":{"start":{"line":30,"column":33},"end":{"line":30,"column":52}},"20":{"start":{"line":31,"column":27},"end":{"line":31,"column":40}},"21":{"start":{"line":32,"column":29},"end":{"line":32,"column":44}},"22":{"start":{"line":33,"column":38},"end":{"line":33,"column":62}},"23":{"start":{"line":34,"column":38},"end":{"line":34,"column":62}},"24":{"start":{"line":36,"column":27},"end":{"line":36,"column":40}},"25":{"start":{"line":37,"column":28},"end":{"line":37,"column":42}},"26":{"start":{"line":39,"column":31},"end":{"line":39,"column":48}},"27":{"start":{"line":40,"column":33},"end":{"line":40,"column":53}},"28":{"start":{"line":41,"column":33},"end":{"line":41,"column":52}},"29":{"start":{"line":43,"column":33},"end":{"line":43,"column":52}},"30":{"start":{"line":44,"column":38},"end":{"line":44,"column":62}},"31":{"start":{"line":45,"column":31},"end":{"line":45,"column":48}},"32":{"start":{"line":47,"column":30},"end":{"line":47,"column":46}},"33":{"start":{"line":49,"column":33},"end":{"line":49,"column":52}},"34":{"start":{"line":50,"column":26},"end":{"line":50,"column":38}},"35":{"start":{"line":51,"column":26},"end":{"line":51,"column":38}},"36":{"start":{"line":52,"column":27},"end":{"line":52,"column":40}},"37":{"start":{"line":53,"column":28},"end":{"line":53,"column":42}},"38":{"start":{"line":55,"column":30},"end":{"line":55,"column":46}},"39":{"start":{"line":56,"column":32},"end":{"line":56,"column":50}},"40":{"start":{"line":58,"column":29},"end":{"line":58,"column":44}},"41":{"start":{"line":59,"column":29},"end":{"line":59,"column":44}},"42":{"start":{"line":60,"column":30},"end":{"line":60,"column":46}},"43":{"start":{"line":61,"column":32},"end":{"line":61,"column":50}},"44":{"start":{"line":63,"column":35},"end":{"line":63,"column":56}},"45":{"start":{"line":64,"column":34},"end":{"line":64,"column":54}},"46":{"start":{"line":66,"column":32},"end":{"line":66,"column":50}},"47":{"start":{"line":67,"column":27},"end":{"line":67,"column":40}},"48":{"start":{"line":69,"column":28},"end":{"line":69,"column":42}},"49":{"start":{"line":70,"column":28},"end":{"line":70,"column":42}},"50":{"start":{"line":71,"column":32},"end":{"line":71,"column":50}},"51":{"start":{"line":72,"column":31},"end":{"line":72,"column":48}},"52":{"start":{"line":73,"column":31},"end":{"line":73,"column":48}},"53":{"start":{"line":74,"column":31},"end":{"line":74,"column":48}},"54":{"start":{"line":75,"column":32},"end":{"line":75,"column":50}},"55":{"start":{"line":77,"column":36},"end":{"line":77,"column":58}},"56":{"start":{"line":78,"column":37},"end":{"line":78,"column":60}},"57":{"start":{"line":79,"column":37},"end":{"line":79,"column":60}},"58":{"start":{"line":80,"column":38},"end":{"line":80,"column":62}},"59":{"start":{"line":81,"column":36},"end":{"line":81,"column":58}},"60":{"start":{"line":82,"column":36},"end":{"line":82,"column":58}},"61":{"start":{"line":83,"column":38},"end":{"line":83,"column":62}},"62":{"start":{"line":84,"column":39},"end":{"line":84,"column":64}},"63":{"start":{"line":86,"column":32},"end":{"line":86,"column":50}},"64":{"start":{"line":87,"column":33},"end":{"line":87,"column":52}},"65":{"start":{"line":88,"column":35},"end":{"line":88,"column":56}},"66":{"start":{"line":89,"column":36},"end":{"line":89,"column":58}},"67":{"start":{"line":90,"column":44},"end":{"line":90,"column":74}},"68":{"start":{"line":91,"column":45},"end":{"line":91,"column":76}},"69":{"start":{"line":92,"column":26},"end":{"line":92,"column":38}},"70":{"start":{"line":93,"column":26},"end":{"line":93,"column":38}},"71":{"start":{"line":94,"column":30},"end":{"line":94,"column":46}},"72":{"start":{"line":95,"column":25},"end":{"line":95,"column":36}},"73":{"start":{"line":97,"column":35},"end":{"line":97,"column":56}},"74":{"start":{"line":98,"column":31},"end":{"line":98,"column":48}},"75":{"start":{"line":99,"column":36},"end":{"line":99,"column":58}},"76":{"start":{"line":100,"column":34},"end":{"line":100,"column":54}},"77":{"start":{"line":102,"column":37},"end":{"line":102,"column":60}},"78":{"start":{"line":103,"column":36},"end":{"line":103,"column":58}},"79":{"start":{"line":105,"column":39},"end":{"line":105,"column":64}},"80":{"start":{"line":106,"column":36},"end":{"line":106,"column":58}},"81":{"start":{"line":107,"column":44},"end":{"line":107,"column":74}},"82":{"start":{"line":109,"column":43},"end":{"line":109,"column":72}},"83":{"start":{"line":110,"column":41},"end":{"line":110,"column":68}},"84":{"start":{"line":111,"column":43},"end":{"line":111,"column":72}},"85":{"start":{"line":112,"column":42},"end":{"line":112,"column":70}},"86":{"start":{"line":115,"column":21},"end":{"line":115,"column":28}},"87":{"start":{"line":117,"column":35},"end":{"line":117,"column":56}},"88":{"start":{"line":118,"column":41},"end":{"line":118,"column":68}},"89":{"start":{"line":120,"column":38},"end":{"line":120,"column":62}},"90":{"start":{"line":121,"column":40},"end":{"line":121,"column":66}},"91":{"start":{"line":122,"column":33},"end":{"line":122,"column":52}},"92":{"start":{"line":123,"column":32},"end":{"line":123,"column":50}},"93":{"start":{"line":124,"column":32},"end":{"line":124,"column":50}},"94":{"start":{"line":126,"column":29},"end":{"line":126,"column":44}},"95":{"start":{"line":127,"column":37},"end":{"line":127,"column":60}},"96":{"start":{"line":129,"column":42},"end":{"line":129,"column":70}},"97":{"start":{"line":130,"column":42},"end":{"line":130,"column":70}},"98":{"start":{"line":131,"column":26},"end":{"line":131,"column":38}},"99":{"start":{"line":132,"column":28},"end":{"line":132,"column":42}},"100":{"start":{"line":134,"column":32},"end":{"line":134,"column":50}},"101":{"start":{"line":135,"column":27},"end":{"line":135,"column":40}},"102":{"start":{"line":136,"column":31},"end":{"line":136,"column":48}},"103":{"start":{"line":137,"column":31},"end":{"line":137,"column":48}},"104":{"start":{"line":138,"column":38},"end":{"line":138,"column":62}},"105":{"start":{"line":140,"column":29},"end":{"line":140,"column":44}},"106":{"start":{"line":141,"column":28},"end":{"line":141,"column":42}},"107":{"start":{"line":143,"column":36},"end":{"line":143,"column":58}},"108":{"start":{"line":144,"column":34},"end":{"line":144,"column":54}}},"fnMap":{},"branchMap":{},"s":{"0":2,"1":2,"2":2,"3":2,"4":2,"5":2,"6":2,"7":2,"8":2,"9":2,"10":2,"11":2,"12":2,"13":2,"14":2,"15":2,"16":2,"17":2,"18":2,"19":2,"20":2,"21":2,"22":2,"23":2,"24":2,"25":2,"26":2,"27":2,"28":2,"29":2,"30":2,"31":2,"32":2,"33":2,"34":2,"35":2,"36":2,"37":2,"38":2,"39":2,"40":2,"41":2,"42":2,"43":2,"44":2,"45":2,"46":2,"47":2,"48":2,"49":2,"50":2,"51":2,"52":2,"53":2,"54":2,"55":2,"56":2,"57":2,"58":2,"59":2,"60":2,"61":2,"62":2,"63":2,"64":2,"65":2,"66":2,"67":2,"68":2,"69":2,"70":2,"71":2,"72":2,"73":2,"74":2,"75":2,"76":2,"77":2,"78":2,"79":2,"80":2,"81":2,"82":2,"83":2,"84":2,"85":2,"86":2,"87":2,"88":2,"89":2,"90":2,"91":2,"92":2,"93":2,"94":2,"95":2,"96":2,"97":2,"98":2,"99":2,"100":2,"101":2,"102":2,"103":2,"104":2,"105":2,"106":2,"107":2,"108":2},"f":{},"b":{},"_coverageSchema":"43e27e138ebf9cfc5966b082cf9a028302ed4184","hash":"b1618d7a8f0a8f0cab9864878f4e77a62c1035da"}
,"/home/lalis/git/p5.js-web-editor/client/persistState.js": {"path":"/home/lalis/git/p5.js-web-editor/client/persistState.js","statementMap":{"0":{"start":{"line":5,"column":12},"end":{"line":5,"column":25}},"1":{"start":{"line":6,"column":16},"end":{"line":6,"column":30}},"2":{"start":{"line":8,"column":25},"end":{"line":14,"column":1}},"3":{"start":{"line":9,"column":2},"end":{"line":13,"column":3}},"4":{"start":{"line":10,"column":4},"end":{"line":10,"column":48}},"5":{"start":{"line":12,"column":4},"end":{"line":12,"column":63}},"6":{"start":{"line":16,"column":25},"end":{"line":23,"column":1}},"7":{"start":{"line":17,"column":2},"end":{"line":22,"column":3}},"8":{"start":{"line":18,"column":4},"end":{"line":18,"column":44}},"9":{"start":{"line":20,"column":4},"end":{"line":20,"column":77}},"10":{"start":{"line":21,"column":4},"end":{"line":21,"column":16}},"11":{"start":{"line":25,"column":26},"end":{"line":27,"column":1}},"12":{"start":{"line":26,"column":2},"end":{"line":26,"column":26}}},"fnMap":{"0":{"name":"(anonymous_0)","decl":{"start":{"line":8,"column":25},"end":{"line":8,"column":26}},"loc":{"start":{"line":8,"column":36},"end":{"line":14,"column":1}},"line":8},"1":{"name":"(anonymous_1)","decl":{"start":{"line":16,"column":25},"end":{"line":16,"column":26}},"loc":{"start":{"line":16,"column":31},"end":{"line":23,"column":1}},"line":16},"2":{"name":"(anonymous_2)","decl":{"start":{"line":25,"column":26},"end":{"line":25,"column":27}},"loc":{"start":{"line":25,"column":32},"end":{"line":27,"column":1}},"line":25}},"branchMap":{},"s":{"0":2,"1":2,"2":2,"3":0,"4":0,"5":0,"6":2,"7":0,"8":0,"9":0,"10":0,"11":2,"12":0},"f":{"0":0,"1":0,"2":0},"b":{},"_coverageSchema":"43e27e138ebf9cfc5966b082cf9a028302ed4184","hash":"352dc623e22fbe329f5e5db408c2a31bb3bed4db"}
,"/home/lalis/git/p5.js-web-editor/client/__test__/mocks/fileMock.js": {"path":"/home/lalis/git/p5.js-web-editor/client/__test__/mocks/fileMock.js","statementMap":{"0":{"start":{"line":1,"column":0},"end":{"line":1,"column":34}}},"fnMap":{},"branchMap":{},"s":{"0":2},"f":{},"b":{},"_coverageSchema":"43e27e138ebf9cfc5966b082cf9a028302ed4184","hash":"faa55ea1eaba07f5b29c691847526bb48cb617e2"}
,"/home/lalis/git/p5.js-web-editor/client/components/Nav.jsx": {"path":"/home/lalis/git/p5.js-web-editor/client/components/Nav.jsx","statementMap":{"0":{"start":{"line":17,"column":20},"end":{"line":17,"column":65}},"1":{"start":{"line":18,"column":16},"end":{"line":18,"column":56}},"2":{"start":{"line":20,"column":18},"end":{"line":20,"column":75}},"3":{"start":{"line":24,"column":4},"end":{"line":24,"column":17}},"4":{"start":{"line":25,"column":4},"end":{"line":27,"column":6}},"5":{"start":{"line":28,"column":4},"end":{"line":28,"column":51}},"6":{"start":{"line":29,"column":4},"end":{"line":29,"column":49}},"7":{"start":{"line":30,"column":4},"end":{"line":30,"column":61}},"8":{"start":{"line":31,"column":4},"end":{"line":31,"column":51}},"9":{"start":{"line":32,"column":4},"end":{"line":32,"column":65}},"10":{"start":{"line":33,"column":4},"end":{"line":33,"column":49}},"11":{"start":{"line":34,"column":4},"end":{"line":34,"column":47}},"12":{"start":{"line":35,"column":4},"end":{"line":35,"column":59}},"13":{"start":{"line":36,"column":4},"end":{"line":36,"column":51}},"14":{"start":{"line":37,"column":4},"end":{"line":37,"column":57}},"15":{"start":{"line":38,"column":4},"end":{"line":38,"column":49}},"16":{"start":{"line":39,"column":4},"end":{"line":39,"column":55}},"17":{"start":{"line":40,"column":4},"end":{"line":40,"column":59}},"18":{"start":{"line":41,"column":4},"end":{"line":41,"column":57}},"19":{"start":{"line":42,"column":4},"end":{"line":42,"column":47}},"20":{"start":{"line":43,"column":4},"end":{"line":43,"column":65}},"21":{"start":{"line":44,"column":4},"end":{"line":44,"column":49}},"22":{"start":{"line":45,"column":4},"end":{"line":45,"column":71}},"23":{"start":{"line":46,"column":4},"end":{"line":46,"column":69}},"24":{"start":{"line":47,"column":4},"end":{"line":47,"column":75}},"25":{"start":{"line":48,"column":4},"end":{"line":48,"column":53}},"26":{"start":{"line":49,"column":4},"end":{"line":49,"column":72}},"27":{"start":{"line":50,"column":4},"end":{"line":50,"column":66}},"28":{"start":{"line":51,"column":4},"end":{"line":51,"column":66}},"29":{"start":{"line":52,"column":4},"end":{"line":52,"column":72}},"30":{"start":{"line":53,"column":4},"end":{"line":53,"column":66}},"31":{"start":{"line":54,"column":4},"end":{"line":54,"column":76}},"32":{"start":{"line":55,"column":4},"end":{"line":55,"column":70}},"33":{"start":{"line":56,"column":4},"end":{"line":56,"column":72}},"34":{"start":{"line":57,"column":4},"end":{"line":57,"column":66}},"35":{"start":{"line":58,"column":4},"end":{"line":58,"column":78}},"36":{"start":{"line":59,"column":4},"end":{"line":59,"column":72}},"37":{"start":{"line":60,"column":4},"end":{"line":60,"column":55}},"38":{"start":{"line":64,"column":4},"end":{"line":64,"column":68}},"39":{"start":{"line":65,"column":4},"end":{"line":65,"column":68}},"40":{"start":{"line":68,"column":4},"end":{"line":68,"column":71}},"41":{"start":{"line":69,"column":4},"end":{"line":69,"column":71}},"42":{"start":{"line":73,"column":4},"end":{"line":75,"column":7}},"43":{"start":{"line":79,"column":4},"end":{"line":81,"column":5}},"44":{"start":{"line":80,"column":6},"end":{"line":80,"column":31}},"45":{"start":{"line":85,"column":4},"end":{"line":87,"column":5}},"46":{"start":{"line":86,"column":6},"end":{"line":86,"column":13}},"47":{"start":{"line":88,"column":4},"end":{"line":90,"column":5}},"48":{"start":{"line":89,"column":6},"end":{"line":89,"column":13}},"49":{"start":{"line":92,"column":4},"end":{"line":92,"column":30}},"50":{"start":{"line":96,"column":53},"end":{"line":96,"column":63}},"51":{"start":{"line":97,"column":4},"end":{"line":105,"column":5}},"52":{"start":{"line":98,"column":6},"end":{"line":98,"column":33}},"53":{"start":{"line":99,"column":6},"end":{"line":99,"column":52}},"54":{"start":{"line":100,"column":6},"end":{"line":100,"column":30}},"55":{"start":{"line":101,"column":11},"end":{"line":105,"column":5}},"56":{"start":{"line":102,"column":6},"end":{"line":102,"column":33}},"57":{"start":{"line":103,"column":6},"end":{"line":103,"column":52}},"58":{"start":{"line":104,"column":6},"end":{"line":104,"column":30}},"59":{"start":{"line":106,"column":4},"end":{"line":106,"column":29}},"60":{"start":{"line":110,"column":4},"end":{"line":114,"column":5}},"61":{"start":{"line":111,"column":6},"end":{"line":111,"column":67}},"62":{"start":{"line":113,"column":6},"end":{"line":113,"column":55}},"63":{"start":{"line":115,"column":4},"end":{"line":115,"column":29}},"64":{"start":{"line":119,"column":4},"end":{"line":119,"column":39}},"65":{"start":{"line":120,"column":4},"end":{"line":120,"column":29}},"66":{"start":{"line":124,"column":4},"end":{"line":124,"column":39}},"67":{"start":{"line":125,"column":4},"end":{"line":125,"column":29}},"68":{"start":{"line":129,"column":4},"end":{"line":129,"column":39}},"69":{"start":{"line":130,"column":4},"end":{"line":130,"column":29}},"70":{"start":{"line":134,"column":4},"end":{"line":134,"column":47}},"71":{"start":{"line":135,"column":4},"end":{"line":135,"column":29}},"72":{"start":{"line":139,"column":4},"end":{"line":139,"column":49}},"73":{"start":{"line":140,"column":4},"end":{"line":140,"column":29}},"74":{"start":{"line":144,"column":4},"end":{"line":144,"column":29}},"75":{"start":{"line":145,"column":4},"end":{"line":145,"column":29}},"76":{"start":{"line":149,"column":4},"end":{"line":149,"column":28}},"77":{"start":{"line":150,"column":4},"end":{"line":150,"column":29}},"78":{"start":{"line":154,"column":4},"end":{"line":154,"column":44}},"79":{"start":{"line":155,"column":4},"end":{"line":155,"column":29}},"80":{"start":{"line":159,"column":4},"end":{"line":159,"column":45}},"81":{"start":{"line":160,"column":4},"end":{"line":160,"column":29}},"82":{"start":{"line":164,"column":4},"end":{"line":164,"column":43}},"83":{"start":{"line":165,"column":4},"end":{"line":165,"column":29}},"84":{"start":{"line":169,"column":4},"end":{"line":169,"column":28}},"85":{"start":{"line":170,"column":4},"end":{"line":170,"column":29}},"86":{"start":{"line":174,"column":4},"end":{"line":174,"column":33}},"87":{"start":{"line":175,"column":4},"end":{"line":175,"column":61}},"88":{"start":{"line":176,"column":4},"end":{"line":176,"column":29}},"89":{"start":{"line":180,"column":4},"end":{"line":180,"column":30}},"90":{"start":{"line":181,"column":4},"end":{"line":181,"column":29}},"91":{"start":{"line":185,"column":25},"end":{"line":185,"column":42}},"92":{"start":{"line":186,"column":4},"end":{"line":186,"column":88}},"93":{"start":{"line":187,"column":4},"end":{"line":187,"column":29}},"94":{"start":{"line":191,"column":4},"end":{"line":193,"column":7}},"95":{"start":{"line":197,"column":4},"end":{"line":205,"column":5}},"96":{"start":{"line":198,"column":6},"end":{"line":200,"column":9}},"97":{"start":{"line":202,"column":6},"end":{"line":204,"column":9}},"98":{"start":{"line":209,"column":4},"end":{"line":209,"column":90}},"99":{"start":{"line":213,"column":4},"end":{"line":213,"column":28}},"100":{"start":{"line":214,"column":4},"end":{"line":214,"column":31}},"101":{"start":{"line":218,"column":4},"end":{"line":221,"column":5}},"102":{"start":{"line":219,"column":6},"end":{"line":219,"column":31}},"103":{"start":{"line":220,"column":6},"end":{"line":220,"column":24}},"104":{"start":{"line":225,"column":4},"end":{"line":225,"column":69}},"105":{"start":{"line":229,"column":4},"end":{"line":243,"column":6}},"106":{"start":{"line":247,"column":4},"end":{"line":537,"column":6}},"107":{"start":{"line":258,"column":14},"end":{"line":260,"column":15}},"108":{"start":{"line":259,"column":16},"end":{"line":259,"column":41}},"109":{"start":{"line":360,"column":14},"end":{"line":362,"column":15}},"110":{"start":{"line":361,"column":16},"end":{"line":361,"column":41}},"111":{"start":{"line":372,"column":18},"end":{"line":372,"column":53}},"112":{"start":{"line":373,"column":18},"end":{"line":373,"column":43}},"113":{"start":{"line":420,"column":14},"end":{"line":422,"column":15}},"114":{"start":{"line":421,"column":16},"end":{"line":421,"column":43}},"115":{"start":{"line":495,"column":14},"end":{"line":497,"column":15}},"116":{"start":{"line":496,"column":16},"end":{"line":496,"column":41}},"117":{"start":{"line":541,"column":4},"end":{"line":555,"column":6}},"118":{"start":{"line":559,"column":4},"end":{"line":635,"column":6}},"119":{"start":{"line":572,"column":14},"end":{"line":574,"column":15}},"120":{"start":{"line":573,"column":16},"end":{"line":573,"column":44}},"121":{"start":{"line":639,"column":27},"end":{"line":639,"column":54}},"122":{"start":{"line":640,"column":28},"end":{"line":640,"column":57}},"123":{"start":{"line":642,"column":4},"end":{"line":646,"column":5}},"124":{"start":{"line":643,"column":6},"end":{"line":643,"column":64}},"125":{"start":{"line":644,"column":11},"end":{"line":646,"column":5}},"126":{"start":{"line":645,"column":6},"end":{"line":645,"column":66}},"127":{"start":{"line":648,"column":4},"end":{"line":648,"column":16}},"128":{"start":{"line":652,"column":4},"end":{"line":658,"column":5}},"129":{"start":{"line":654,"column":8},"end":{"line":654,"column":58}},"130":{"start":{"line":657,"column":8},"end":{"line":657,"column":56}},"131":{"start":{"line":662,"column":29},"end":{"line":683,"column":5}},"132":{"start":{"line":685,"column":4},"end":{"line":701,"column":6}},"133":{"start":{"line":686,"column":68},"end":{"line":686,"column":85}},"134":{"start":{"line":705,"column":0},"end":{"line":749,"column":2}},"135":{"start":{"line":751,"column":0},"end":{"line":762,"column":2}},"136":{"start":{"line":765,"column":2},"end":{"line":770,"column":4}},"137":{"start":{"line":769,"column":41},"end":{"line":769,"column":61}},"138":{"start":{"line":773,"column":27},"end":{"line":779,"column":1}}},"fnMap":{"0":{"name":"(anonymous_0)","decl":{"start":{"line":23,"column":2},"end":{"line":23,"column":3}},"loc":{"start":{"line":23,"column":21},"end":{"line":61,"column":3}},"line":23},"1":{"name":"(anonymous_1)","decl":{"start":{"line":63,"column":2},"end":{"line":63,"column":3}},"loc":{"start":{"line":63,"column":22},"end":{"line":66,"column":3}},"line":63},"2":{"name":"(anonymous_2)","decl":{"start":{"line":67,"column":2},"end":{"line":67,"column":3}},"loc":{"start":{"line":67,"column":25},"end":{"line":70,"column":3}},"line":67},"3":{"name":"(anonymous_3)","decl":{"start":{"line":72,"column":2},"end":{"line":72,"column":3}},"loc":{"start":{"line":72,"column":24},"end":{"line":76,"column":3}},"line":72},"4":{"name":"(anonymous_4)","decl":{"start":{"line":78,"column":2},"end":{"line":78,"column":3}},"loc":{"start":{"line":78,"column":19},"end":{"line":82,"column":3}},"line":78},"5":{"name":"(anonymous_5)","decl":{"start":{"line":84,"column":2},"end":{"line":84,"column":3}},"loc":{"start":{"line":84,"column":17},"end":{"line":93,"column":3}},"line":84},"6":{"name":"(anonymous_6)","decl":{"start":{"line":95,"column":2},"end":{"line":95,"column":3}},"loc":{"start":{"line":95,"column":14},"end":{"line":107,"column":3}},"line":95},"7":{"name":"(anonymous_7)","decl":{"start":{"line":109,"column":2},"end":{"line":109,"column":3}},"loc":{"start":{"line":109,"column":15},"end":{"line":116,"column":3}},"line":109},"8":{"name":"(anonymous_8)","decl":{"start":{"line":118,"column":2},"end":{"line":118,"column":3}},"loc":{"start":{"line":118,"column":15},"end":{"line":121,"column":3}},"line":118},"9":{"name":"(anonymous_9)","decl":{"start":{"line":123,"column":2},"end":{"line":123,"column":3}},"loc":{"start":{"line":123,"column":19},"end":{"line":126,"column":3}},"line":123},"10":{"name":"(anonymous_10)","decl":{"start":{"line":128,"column":2},"end":{"line":128,"column":3}},"loc":{"start":{"line":128,"column":23},"end":{"line":131,"column":3}},"line":128},"11":{"name":"(anonymous_11)","decl":{"start":{"line":133,"column":2},"end":{"line":133,"column":3}},"loc":{"start":{"line":133,"column":18},"end":{"line":136,"column":3}},"line":133},"12":{"name":"(anonymous_12)","decl":{"start":{"line":138,"column":2},"end":{"line":138,"column":3}},"loc":{"start":{"line":138,"column":20},"end":{"line":141,"column":3}},"line":138},"13":{"name":"(anonymous_13)","decl":{"start":{"line":143,"column":2},"end":{"line":143,"column":3}},"loc":{"start":{"line":143,"column":14},"end":{"line":146,"column":3}},"line":143},"14":{"name":"(anonymous_14)","decl":{"start":{"line":148,"column":2},"end":{"line":148,"column":3}},"loc":{"start":{"line":148,"column":15},"end":{"line":151,"column":3}},"line":148},"15":{"name":"(anonymous_15)","decl":{"start":{"line":153,"column":2},"end":{"line":153,"column":3}},"loc":{"start":{"line":153,"column":26},"end":{"line":156,"column":3}},"line":153},"16":{"name":"(anonymous_16)","decl":{"start":{"line":158,"column":2},"end":{"line":158,"column":3}},"loc":{"start":{"line":158,"column":25},"end":{"line":161,"column":3}},"line":158},"17":{"name":"(anonymous_17)","decl":{"start":{"line":163,"column":2},"end":{"line":163,"column":3}},"loc":{"start":{"line":163,"column":28},"end":{"line":166,"column":3}},"line":163},"18":{"name":"(anonymous_18)","decl":{"start":{"line":168,"column":2},"end":{"line":168,"column":3}},"loc":{"start":{"line":168,"column":17},"end":{"line":171,"column":3}},"line":168},"19":{"name":"(anonymous_19)","decl":{"start":{"line":173,"column":2},"end":{"line":173,"column":3}},"loc":{"start":{"line":173,"column":19},"end":{"line":177,"column":3}},"line":173},"20":{"name":"(anonymous_20)","decl":{"start":{"line":179,"column":2},"end":{"line":179,"column":3}},"loc":{"start":{"line":179,"column":20},"end":{"line":182,"column":3}},"line":179},"21":{"name":"(anonymous_21)","decl":{"start":{"line":184,"column":2},"end":{"line":184,"column":3}},"loc":{"start":{"line":184,"column":16},"end":{"line":188,"column":3}},"line":184},"22":{"name":"(anonymous_22)","decl":{"start":{"line":190,"column":2},"end":{"line":190,"column":3}},"loc":{"start":{"line":190,"column":23},"end":{"line":194,"column":3}},"line":190},"23":{"name":"(anonymous_23)","decl":{"start":{"line":196,"column":2},"end":{"line":196,"column":3}},"loc":{"start":{"line":196,"column":27},"end":{"line":206,"column":3}},"line":196},"24":{"name":"(anonymous_24)","decl":{"start":{"line":208,"column":2},"end":{"line":208,"column":3}},"loc":{"start":{"line":208,"column":16},"end":{"line":210,"column":3}},"line":208},"25":{"name":"(anonymous_25)","decl":{"start":{"line":212,"column":2},"end":{"line":212,"column":3}},"loc":{"start":{"line":212,"column":24},"end":{"line":215,"column":3}},"line":212},"26":{"name":"(anonymous_26)","decl":{"start":{"line":217,"column":2},"end":{"line":217,"column":3}},"loc":{"start":{"line":217,"column":21},"end":{"line":222,"column":3}},"line":217},"27":{"name":"(anonymous_27)","decl":{"start":{"line":224,"column":2},"end":{"line":224,"column":3}},"loc":{"start":{"line":224,"column":15},"end":{"line":226,"column":3}},"line":224},"28":{"name":"(anonymous_28)","decl":{"start":{"line":228,"column":2},"end":{"line":228,"column":3}},"loc":{"start":{"line":228,"column":40},"end":{"line":244,"column":3}},"line":228},"29":{"name":"(anonymous_29)","decl":{"start":{"line":246,"column":2},"end":{"line":246,"column":3}},"loc":{"start":{"line":246,"column":38},"end":{"line":538,"column":3}},"line":246},"30":{"name":"(anonymous_30)","decl":{"start":{"line":257,"column":25},"end":{"line":257,"column":26}},"loc":{"start":{"line":257,"column":31},"end":{"line":261,"column":13}},"line":257},"31":{"name":"(anonymous_31)","decl":{"start":{"line":359,"column":25},"end":{"line":359,"column":26}},"loc":{"start":{"line":359,"column":31},"end":{"line":363,"column":13}},"line":359},"32":{"name":"(anonymous_32)","decl":{"start":{"line":371,"column":25},"end":{"line":371,"column":26}},"loc":{"start":{"line":371,"column":31},"end":{"line":374,"column":17}},"line":371},"33":{"name":"(anonymous_33)","decl":{"start":{"line":419,"column":25},"end":{"line":419,"column":26}},"loc":{"start":{"line":419,"column":31},"end":{"line":423,"column":13}},"line":419},"34":{"name":"(anonymous_34)","decl":{"start":{"line":494,"column":25},"end":{"line":494,"column":26}},"loc":{"start":{"line":494,"column":31},"end":{"line":498,"column":13}},"line":494},"35":{"name":"(anonymous_35)","decl":{"start":{"line":540,"column":2},"end":{"line":540,"column":3}},"loc":{"start":{"line":540,"column":50},"end":{"line":556,"column":3}},"line":540},"36":{"name":"(anonymous_36)","decl":{"start":{"line":558,"column":2},"end":{"line":558,"column":3}},"loc":{"start":{"line":558,"column":48},"end":{"line":636,"column":3}},"line":558},"37":{"name":"(anonymous_37)","decl":{"start":{"line":571,"column":25},"end":{"line":571,"column":26}},"loc":{"start":{"line":571,"column":31},"end":{"line":575,"column":13}},"line":571},"38":{"name":"(anonymous_38)","decl":{"start":{"line":638,"column":2},"end":{"line":638,"column":3}},"loc":{"start":{"line":638,"column":35},"end":{"line":649,"column":3}},"line":638},"39":{"name":"(anonymous_39)","decl":{"start":{"line":651,"column":2},"end":{"line":651,"column":3}},"loc":{"start":{"line":651,"column":37},"end":{"line":659,"column":3}},"line":651},"40":{"name":"(anonymous_40)","decl":{"start":{"line":661,"column":2},"end":{"line":661,"column":3}},"loc":{"start":{"line":661,"column":11},"end":{"line":702,"column":3}},"line":661},"41":{"name":"(anonymous_41)","decl":{"start":{"line":686,"column":56},"end":{"line":686,"column":57}},"loc":{"start":{"line":686,"column":66},"end":{"line":686,"column":87}},"line":686},"42":{"name":"mapStateToProps","decl":{"start":{"line":764,"column":9},"end":{"line":764,"column":24}},"loc":{"start":{"line":764,"column":32},"end":{"line":771,"column":1}},"line":764},"43":{"name":"(anonymous_43)","decl":{"start":{"line":769,"column":33},"end":{"line":769,"column":34}},"loc":{"start":{"line":769,"column":41},"end":{"line":769,"column":61}},"line":769}},"branchMap":{"0":{"loc":{"start":{"line":20,"column":19},"end":{"line":20,"column":66}},"type":"cond-expr","locations":[{"start":{"line":20,"column":51},"end":{"line":20,"column":57}},{"start":{"line":20,"column":60},"end":{"line":20,"column":66}}],"line":20},"1":{"loc":{"start":{"line":79,"column":4},"end":{"line":81,"column":5}},"type":"if","locations":[{"start":{"line":79,"column":4},"end":{"line":81,"column":5}},{"start":{"line":79,"column":4},"end":{"line":81,"column":5}}],"line":79},"2":{"loc":{"start":{"line":85,"column":4},"end":{"line":87,"column":5}},"type":"if","locations":[{"start":{"line":85,"column":4},"end":{"line":87,"column":5}},{"start":{"line":85,"column":4},"end":{"line":87,"column":5}}],"line":85},"3":{"loc":{"start":{"line":88,"column":4},"end":{"line":90,"column":5}},"type":"if","locations":[{"start":{"line":88,"column":4},"end":{"line":90,"column":5}},{"start":{"line":88,"column":4},"end":{"line":90,"column":5}}],"line":88},"4":{"loc":{"start":{"line":88,"column":8},"end":{"line":88,"column":49}},"type":"binary-expr","locations":[{"start":{"line":88,"column":8},"end":{"line":88,"column":17}},{"start":{"line":88,"column":21},"end":{"line":88,"column":49}}],"line":88},"5":{"loc":{"start":{"line":97,"column":4},"end":{"line":105,"column":5}},"type":"if","locations":[{"start":{"line":97,"column":4},"end":{"line":105,"column":5}},{"start":{"line":97,"column":4},"end":{"line":105,"column":5}}],"line":97},"6":{"loc":{"start":{"line":101,"column":11},"end":{"line":105,"column":5}},"type":"if","locations":[{"start":{"line":101,"column":11},"end":{"line":105,"column":5}},{"start":{"line":101,"column":11},"end":{"line":105,"column":5}}],"line":101},"7":{"loc":{"start":{"line":101,"column":15},"end":{"line":101,"column":61}},"type":"binary-expr","locations":[{"start":{"line":101,"column":15},"end":{"line":101,"column":35}},{"start":{"line":101,"column":39},"end":{"line":101,"column":61}}],"line":101},"8":{"loc":{"start":{"line":110,"column":4},"end":{"line":114,"column":5}},"type":"if","locations":[{"start":{"line":110,"column":4},"end":{"line":114,"column":5}},{"start":{"line":110,"column":4},"end":{"line":114,"column":5}}],"line":110},"9":{"loc":{"start":{"line":197,"column":4},"end":{"line":205,"column":5}},"type":"if","locations":[{"start":{"line":197,"column":4},"end":{"line":205,"column":5}},{"start":{"line":197,"column":4},"end":{"line":205,"column":5}}],"line":197},"10":{"loc":{"start":{"line":209,"column":11},"end":{"line":209,"column":89}},"type":"binary-expr","locations":[{"start":{"line":209,"column":11},"end":{"line":209,"column":35}},{"start":{"line":209,"column":39},"end":{"line":209,"column":89}}],"line":209},"11":{"loc":{"start":{"line":218,"column":4},"end":{"line":221,"column":5}},"type":"if","locations":[{"start":{"line":218,"column":4},"end":{"line":221,"column":5}},{"start":{"line":218,"column":4},"end":{"line":221,"column":5}}],"line":218},"12":{"loc":{"start":{"line":258,"column":14},"end":{"line":260,"column":15}},"type":"if","locations":[{"start":{"line":258,"column":14},"end":{"line":260,"column":15}},{"start":{"line":258,"column":14},"end":{"line":260,"column":15}}],"line":258},"13":{"loc":{"start":{"line":276,"column":14},"end":{"line":286,"column":17}},"type":"binary-expr","locations":[{"start":{"line":276,"column":14},"end":{"line":276,"column":41}},{"start":{"line":276,"column":46},"end":{"line":276,"column":71}},{"start":{"line":276,"column":75},"end":{"line":276,"column":93}},{"start":{"line":277,"column":12},"end":{"line":286,"column":17}}],"line":276},"14":{"loc":{"start":{"line":287,"column":14},"end":{"line":296,"column":17}},"type":"binary-expr","locations":[{"start":{"line":287,"column":14},"end":{"line":287,"column":35}},{"start":{"line":287,"column":39},"end":{"line":287,"column":68}},{"start":{"line":288,"column":12},"end":{"line":296,"column":17}}],"line":287},"15":{"loc":{"start":{"line":297,"column":14},"end":{"line":306,"column":17}},"type":"binary-expr","locations":[{"start":{"line":297,"column":14},"end":{"line":297,"column":35}},{"start":{"line":298,"column":12},"end":{"line":306,"column":17}}],"line":297},"16":{"loc":{"start":{"line":307,"column":14},"end":{"line":316,"column":17}},"type":"binary-expr","locations":[{"start":{"line":307,"column":14},"end":{"line":307,"column":35}},{"start":{"line":308,"column":12},"end":{"line":316,"column":17}}],"line":307},"17":{"loc":{"start":{"line":317,"column":14},"end":{"line":327,"column":17}},"type":"binary-expr","locations":[{"start":{"line":317,"column":14},"end":{"line":317,"column":43}},{"start":{"line":318,"column":12},"end":{"line":327,"column":17}}],"line":317},"18":{"loc":{"start":{"line":328,"column":13},"end":{"line":340,"column":19}},"type":"binary-expr","locations":[{"start":{"line":328,"column":13},"end":{"line":328,"column":49}},{"start":{"line":329,"column":14},"end":{"line":329,"column":43}},{"start":{"line":330,"column":14},"end":{"line":330,"column":35}},{"start":{"line":331,"column":14},"end":{"line":340,"column":19}}],"line":328},"19":{"loc":{"start":{"line":341,"column":14},"end":{"line":351,"column":17}},"type":"binary-expr","locations":[{"start":{"line":341,"column":14},"end":{"line":341,"column":44}},{"start":{"line":342,"column":12},"end":{"line":351,"column":17}}],"line":341},"20":{"loc":{"start":{"line":360,"column":14},"end":{"line":362,"column":15}},"type":"if","locations":[{"start":{"line":360,"column":14},"end":{"line":362,"column":15}},{"start":{"line":360,"column":14},"end":{"line":362,"column":15}}],"line":360},"21":{"loc":{"start":{"line":420,"column":14},"end":{"line":422,"column":15}},"type":"if","locations":[{"start":{"line":420,"column":14},"end":{"line":422,"column":15}},{"start":{"line":420,"column":14},"end":{"line":422,"column":15}}],"line":420},"22":{"loc":{"start":{"line":495,"column":14},"end":{"line":497,"column":15}},"type":"if","locations":[{"start":{"line":495,"column":14},"end":{"line":497,"column":15}},{"start":{"line":495,"column":14},"end":{"line":497,"column":15}}],"line":495},"23":{"loc":{"start":{"line":572,"column":14},"end":{"line":574,"column":15}},"type":"if","locations":[{"start":{"line":572,"column":14},"end":{"line":574,"column":15}},{"start":{"line":572,"column":14},"end":{"line":574,"column":15}}],"line":572},"24":{"loc":{"start":{"line":591,"column":13},"end":{"line":601,"column":19}},"type":"binary-expr","locations":[{"start":{"line":591,"column":13},"end":{"line":591,"column":49}},{"start":{"line":592,"column":14},"end":{"line":601,"column":19}}],"line":591},"25":{"loc":{"start":{"line":642,"column":4},"end":{"line":646,"column":5}},"type":"if","locations":[{"start":{"line":642,"column":4},"end":{"line":646,"column":5}},{"start":{"line":642,"column":4},"end":{"line":646,"column":5}}],"line":642},"26":{"loc":{"start":{"line":642,"column":8},"end":{"line":642,"column":41}},"type":"binary-expr","locations":[{"start":{"line":642,"column":8},"end":{"line":642,"column":22}},{"start":{"line":642,"column":26},"end":{"line":642,"column":41}}],"line":642},"27":{"loc":{"start":{"line":644,"column":11},"end":{"line":646,"column":5}},"type":"if","locations":[{"start":{"line":644,"column":11},"end":{"line":646,"column":5}},{"start":{"line":644,"column":11},"end":{"line":646,"column":5}}],"line":644},"28":{"loc":{"start":{"line":644,"column":15},"end":{"line":644,"column":49}},"type":"binary-expr","locations":[{"start":{"line":644,"column":15},"end":{"line":644,"column":29}},{"start":{"line":644,"column":33},"end":{"line":644,"column":49}}],"line":644},"29":{"loc":{"start":{"line":652,"column":4},"end":{"line":658,"column":5}},"type":"switch","locations":[{"start":{"line":653,"column":6},"end":{"line":654,"column":58}},{"start":{"line":655,"column":6},"end":{"line":655,"column":21}},{"start":{"line":656,"column":6},"end":{"line":657,"column":56}}],"line":652}},"s":{"0":1,"1":1,"2":1,"3":2,"4":2,"5":2,"6":2,"7":2,"8":2,"9":2,"10":2,"11":2,"12":2,"13":2,"14":2,"15":2,"16":2,"17":2,"18":2,"19":2,"20":2,"21":2,"22":2,"23":2,"24":2,"25":2,"26":2,"27":2,"28":2,"29":2,"30":2,"31":2,"32":2,"33":2,"34":2,"35":2,"36":2,"37":2,"38":2,"39":2,"40":0,"41":0,"42":0,"43":0,"44":0,"45":0,"46":0,"47":0,"48":0,"49":0,"50":0,"51":0,"52":0,"53":0,"54":0,"55":0,"56":0,"57":0,"58":0,"59":0,"60":0,"61":0,"62":0,"63":0,"64":0,"65":0,"66":0,"67":0,"68":0,"69":0,"70":0,"71":0,"72":0,"73":0,"74":0,"75":0,"76":0,"77":0,"78":0,"79":0,"80":0,"81":0,"82":0,"83":0,"84":0,"85":0,"86":0,"87":0,"88":0,"89":0,"90":0,"91":0,"92":0,"93":0,"94":0,"95":0,"96":0,"97":0,"98":0,"99":0,"100":0,"101":0,"102":0,"103":0,"104":0,"105":0,"106":2,"107":0,"108":0,"109":0,"110":0,"111":0,"112":0,"113":0,"114":0,"115":0,"116":0,"117":0,"118":0,"119":0,"120":0,"121":2,"122":2,"123":2,"124":0,"125":2,"126":0,"127":2,"128":2,"129":0,"130":2,"131":2,"132":2,"133":1,"134":1,"135":1,"136":0,"137":0,"138":1},"f":{"0":2,"1":2,"2":0,"3":0,"4":0,"5":0,"6":0,"7":0,"8":0,"9":0,"10":0,"11":0,"12":0,"13":0,"14":0,"15":0,"16":0,"17":0,"18":0,"19":0,"20":0,"21":0,"22":0,"23":0,"24":0,"25":0,"26":0,"27":0,"28":0,"29":2,"30":0,"31":0,"32":0,"33":0,"34":0,"35":0,"36":0,"37":0,"38":2,"39":2,"40":2,"41":1,"42":0,"43":0},"b":{"0":[1,0],"1":[0,0],"2":[0,0],"3":[0,0],"4":[0,0],"5":[0,0],"6":[0,0],"7":[0,0],"8":[0,0],"9":[0,0],"10":[0,0],"11":[0,0],"12":[0,0],"13":[2,0,0,0],"14":[2,2,2],"15":[2,2],"16":[2,2],"17":[2,2],"18":[2,0,0,0],"19":[2,0],"20":[0,0],"21":[0,0],"22":[0,0],"23":[0,0],"24":[0,0],"25":[0,2],"26":[2,0],"27":[0,2],"28":[2,0],"29":[0,2,2]},"_coverageSchema":"43e27e138ebf9cfc5966b082cf9a028302ed4184","hash":"60513759a57d451d7ff4faa2b9617b8ea3ce1d6a"}
,"/home/lalis/git/p5.js-web-editor/client/modules/IDE/actions/console.js": {"path":"/home/lalis/git/p5.js-web-editor/client/modules/IDE/actions/console.js","statementMap":{"0":{"start":{"line":4,"column":2},"end":{"line":6,"column":4}},"1":{"start":{"line":10,"column":2},"end":{"line":13,"column":4}}},"fnMap":{"0":{"name":"clearConsole","decl":{"start":{"line":3,"column":16},"end":{"line":3,"column":28}},"loc":{"start":{"line":3,"column":31},"end":{"line":7,"column":1}},"line":3},"1":{"name":"dispatchConsoleEvent","decl":{"start":{"line":9,"column":16},"end":{"line":9,"column":36}},"loc":{"start":{"line":9,"column":47},"end":{"line":14,"column":1}},"line":9}},"branchMap":{},"s":{"0":0,"1":0},"f":{"0":0,"1":0},"b":{},"_coverageSchema":"43e27e138ebf9cfc5966b082cf9a028302ed4184","hash":"ad4e4fb651f40d96f866e7bf20346b0c1b6fa622"}
,"/home/lalis/git/p5.js-web-editor/client/modules/IDE/actions/files.js": {"path":"/home/lalis/git/p5.js-web-editor/client/modules/IDE/actions/files.js","statementMap":{"0":{"start":{"line":9,"column":18},"end":{"line":9,"column":75}},"1":{"start":{"line":10,"column":17},"end":{"line":10,"column":38}},"2":{"start":{"line":13,"column":19},"end":{"line":13,"column":44}},"3":{"start":{"line":14,"column":2},"end":{"line":14,"column":48}},"4":{"start":{"line":14,"column":23},"end":{"line":14,"column":48}},"5":{"start":{"line":15,"column":2},"end":{"line":15,"column":81}},"6":{"start":{"line":19,"column":23},"end":{"line":20,"column":77}},"7":{"start":{"line":19,"column":42},"end":{"line":19,"column":62}},"8":{"start":{"line":20,"column":33},"end":{"line":20,"column":76}},"9":{"start":{"line":20,"column":52},"end":{"line":20,"column":75}},"10":{"start":{"line":21,"column":17},"end":{"line":21,"column":21}},"11":{"start":{"line":22,"column":14},"end":{"line":22,"column":15}},"12":{"start":{"line":23,"column":21},"end":{"line":23,"column":66}},"13":{"start":{"line":23,"column":47},"end":{"line":23,"column":65}},"14":{"start":{"line":25,"column":2},"end":{"line":29,"column":3}},"15":{"start":{"line":26,"column":4},"end":{"line":26,"column":51}},"16":{"start":{"line":27,"column":4},"end":{"line":27,"column":15}},"17":{"start":{"line":28,"column":4},"end":{"line":28,"column":71}},"18":{"start":{"line":28,"column":47},"end":{"line":28,"column":69}},"19":{"start":{"line":30,"column":2},"end":{"line":30,"column":18}},"20":{"start":{"line":34,"column":2},"end":{"line":38,"column":4}},"21":{"start":{"line":42,"column":2},"end":{"line":91,"column":4}},"22":{"start":{"line":43,"column":18},"end":{"line":43,"column":28}},"23":{"start":{"line":44,"column":25},"end":{"line":44,"column":34}},"24":{"start":{"line":45,"column":4},"end":{"line":90,"column":5}},"25":{"start":{"line":46,"column":25},"end":{"line":52,"column":7}},"26":{"start":{"line":53,"column":6},"end":{"line":71,"column":12}},"27":{"start":{"line":55,"column":10},"end":{"line":59,"column":13}},"28":{"start":{"line":60,"column":10},"end":{"line":60,"column":73}},"29":{"start":{"line":61,"column":10},"end":{"line":61,"column":40}},"30":{"start":{"line":62,"column":10},"end":{"line":62,"column":38}},"31":{"start":{"line":66,"column":10},"end":{"line":66,"column":44}},"32":{"start":{"line":68,"column":27},"end":{"line":71,"column":10}},"33":{"start":{"line":73,"column":17},"end":{"line":73,"column":41}},"34":{"start":{"line":74,"column":6},"end":{"line":83,"column":9}},"35":{"start":{"line":84,"column":6},"end":{"line":84,"column":34}},"36":{"start":{"line":88,"column":6},"end":{"line":88,"column":40}},"37":{"start":{"line":89,"column":6},"end":{"line":89,"column":36}},"38":{"start":{"line":95,"column":2},"end":{"line":135,"column":4}},"39":{"start":{"line":96,"column":18},"end":{"line":96,"column":28}},"40":{"start":{"line":97,"column":25},"end":{"line":97,"column":34}},"41":{"start":{"line":98,"column":4},"end":{"line":134,"column":5}},"42":{"start":{"line":99,"column":25},"end":{"line":105,"column":7}},"43":{"start":{"line":106,"column":6},"end":{"line":119,"column":12}},"44":{"start":{"line":108,"column":10},"end":{"line":112,"column":13}},"45":{"start":{"line":113,"column":10},"end":{"line":113,"column":73}},"46":{"start":{"line":114,"column":10},"end":{"line":114,"column":42}},"47":{"start":{"line":116,"column":27},"end":{"line":119,"column":10}},"48":{"start":{"line":121,"column":17},"end":{"line":121,"column":41}},"49":{"start":{"line":122,"column":6},"end":{"line":132,"column":9}},"50":{"start":{"line":133,"column":6},"end":{"line":133,"column":38}},"51":{"start":{"line":139,"column":2},"end":{"line":146,"column":4}},"52":{"start":{"line":140,"column":4},"end":{"line":140,"column":38}},"53":{"start":{"line":141,"column":4},"end":{"line":145,"column":7}},"54":{"start":{"line":150,"column":2},"end":{"line":179,"column":4}},"55":{"start":{"line":151,"column":18},"end":{"line":151,"column":28}},"56":{"start":{"line":152,"column":4},"end":{"line":178,"column":5}},"57":{"start":{"line":153,"column":27},"end":{"line":157,"column":7}},"58":{"start":{"line":158,"column":6},"end":{"line":171,"column":11}},"59":{"start":{"line":160,"column":10},"end":{"line":164,"column":13}},"60":{"start":{"line":167,"column":10},"end":{"line":170,"column":13}},"61":{"start":{"line":173,"column":6},"end":{"line":177,"column":9}},"62":{"start":{"line":183,"column":2},"end":{"line":186,"column":4}},"63":{"start":{"line":190,"column":2},"end":{"line":193,"column":4}},"64":{"start":{"line":197,"column":2},"end":{"line":201,"column":4}},"65":{"start":{"line":205,"column":2},"end":{"line":207,"column":3}},"66":{"start":{"line":206,"column":4},"end":{"line":206,"column":43}},"67":{"start":{"line":209,"column":19},"end":{"line":209,"column":78}},"68":{"start":{"line":210,"column":18},"end":{"line":210,"column":52}},"69":{"start":{"line":211,"column":2},"end":{"line":211,"column":17}}},"fnMap":{"0":{"name":"appendToFilename","decl":{"start":{"line":12,"column":9},"end":{"line":12,"column":25}},"loc":{"start":{"line":12,"column":44},"end":{"line":16,"column":1}},"line":12},"1":{"name":"createUniqueName","decl":{"start":{"line":18,"column":9},"end":{"line":18,"column":25}},"loc":{"start":{"line":18,"column":49},"end":{"line":31,"column":1}},"line":18},"2":{"name":"(anonymous_2)","decl":{"start":{"line":19,"column":34},"end":{"line":19,"column":35}},"loc":{"start":{"line":19,"column":42},"end":{"line":19,"column":62}},"line":19},"3":{"name":"(anonymous_3)","decl":{"start":{"line":20,"column":18},"end":{"line":20,"column":19}},"loc":{"start":{"line":20,"column":33},"end":{"line":20,"column":76}},"line":20},"4":{"name":"(anonymous_4)","decl":{"start":{"line":20,"column":44},"end":{"line":20,"column":45}},"loc":{"start":{"line":20,"column":52},"end":{"line":20,"column":75}},"line":20},"5":{"name":"(anonymous_5)","decl":{"start":{"line":23,"column":39},"end":{"line":23,"column":40}},"loc":{"start":{"line":23,"column":47},"end":{"line":23,"column":65}},"line":23},"6":{"name":"(anonymous_6)","decl":{"start":{"line":28,"column":37},"end":{"line":28,"column":38}},"loc":{"start":{"line":28,"column":47},"end":{"line":28,"column":69}},"line":28},"7":{"name":"updateFileContent","decl":{"start":{"line":33,"column":16},"end":{"line":33,"column":33}},"loc":{"start":{"line":33,"column":47},"end":{"line":39,"column":1}},"line":33},"8":{"name":"createFile","decl":{"start":{"line":41,"column":16},"end":{"line":41,"column":26}},"loc":{"start":{"line":41,"column":38},"end":{"line":92,"column":1}},"line":41},"9":{"name":"(anonymous_9)","decl":{"start":{"line":42,"column":9},"end":{"line":42,"column":10}},"loc":{"start":{"line":42,"column":33},"end":{"line":91,"column":3}},"line":42},"10":{"name":"(anonymous_10)","decl":{"start":{"line":54,"column":14},"end":{"line":54,"column":15}},"loc":{"start":{"line":54,"column":28},"end":{"line":67,"column":9}},"line":54},"11":{"name":"(anonymous_11)","decl":{"start":{"line":68,"column":15},"end":{"line":68,"column":16}},"loc":{"start":{"line":68,"column":27},"end":{"line":71,"column":10}},"line":68},"12":{"name":"createFolder","decl":{"start":{"line":94,"column":16},"end":{"line":94,"column":28}},"loc":{"start":{"line":94,"column":40},"end":{"line":136,"column":1}},"line":94},"13":{"name":"(anonymous_13)","decl":{"start":{"line":95,"column":9},"end":{"line":95,"column":10}},"loc":{"start":{"line":95,"column":33},"end":{"line":135,"column":3}},"line":95},"14":{"name":"(anonymous_14)","decl":{"start":{"line":107,"column":14},"end":{"line":107,"column":15}},"loc":{"start":{"line":107,"column":28},"end":{"line":115,"column":9}},"line":107},"15":{"name":"(anonymous_15)","decl":{"start":{"line":116,"column":15},"end":{"line":116,"column":16}},"loc":{"start":{"line":116,"column":27},"end":{"line":119,"column":10}},"line":116},"16":{"name":"updateFileName","decl":{"start":{"line":138,"column":16},"end":{"line":138,"column":30}},"loc":{"start":{"line":138,"column":41},"end":{"line":147,"column":1}},"line":138},"17":{"name":"(anonymous_17)","decl":{"start":{"line":139,"column":9},"end":{"line":139,"column":10}},"loc":{"start":{"line":139,"column":23},"end":{"line":146,"column":3}},"line":139},"18":{"name":"deleteFile","decl":{"start":{"line":149,"column":16},"end":{"line":149,"column":26}},"loc":{"start":{"line":149,"column":41},"end":{"line":180,"column":1}},"line":149},"19":{"name":"(anonymous_19)","decl":{"start":{"line":150,"column":9},"end":{"line":150,"column":10}},"loc":{"start":{"line":150,"column":33},"end":{"line":179,"column":3}},"line":150},"20":{"name":"(anonymous_20)","decl":{"start":{"line":159,"column":14},"end":{"line":159,"column":15}},"loc":{"start":{"line":159,"column":20},"end":{"line":165,"column":9}},"line":159},"21":{"name":"(anonymous_21)","decl":{"start":{"line":166,"column":15},"end":{"line":166,"column":16}},"loc":{"start":{"line":166,"column":29},"end":{"line":171,"column":9}},"line":166},"22":{"name":"showFolderChildren","decl":{"start":{"line":182,"column":16},"end":{"line":182,"column":34}},"loc":{"start":{"line":182,"column":39},"end":{"line":187,"column":1}},"line":182},"23":{"name":"hideFolderChildren","decl":{"start":{"line":189,"column":16},"end":{"line":189,"column":34}},"loc":{"start":{"line":189,"column":39},"end":{"line":194,"column":1}},"line":189},"24":{"name":"setBlobUrl","decl":{"start":{"line":196,"column":16},"end":{"line":196,"column":26}},"loc":{"start":{"line":196,"column":42},"end":{"line":202,"column":1}},"line":196},"25":{"name":"getBlobUrl","decl":{"start":{"line":204,"column":16},"end":{"line":204,"column":26}},"loc":{"start":{"line":204,"column":33},"end":{"line":212,"column":1}},"line":204}},"branchMap":{"0":{"loc":{"start":{"line":9,"column":19},"end":{"line":9,"column":66}},"type":"cond-expr","locations":[{"start":{"line":9,"column":51},"end":{"line":9,"column":57}},{"start":{"line":9,"column":60},"end":{"line":9,"column":66}}],"line":9},"1":{"loc":{"start":{"line":14,"column":2},"end":{"line":14,"column":48}},"type":"if","locations":[{"start":{"line":14,"column":2},"end":{"line":14,"column":48}},{"start":{"line":14,"column":2},"end":{"line":14,"column":48}}],"line":14},"2":{"loc":{"start":{"line":45,"column":4},"end":{"line":90,"column":5}},"type":"if","locations":[{"start":{"line":45,"column":4},"end":{"line":90,"column":5}},{"start":{"line":45,"column":4},"end":{"line":90,"column":5}}],"line":45},"3":{"loc":{"start":{"line":49,"column":17},"end":{"line":49,"column":40}},"type":"binary-expr","locations":[{"start":{"line":49,"column":17},"end":{"line":49,"column":34}},{"start":{"line":49,"column":38},"end":{"line":49,"column":40}}],"line":49},"4":{"loc":{"start":{"line":80,"column":17},"end":{"line":80,"column":40}},"type":"binary-expr","locations":[{"start":{"line":80,"column":17},"end":{"line":80,"column":34}},{"start":{"line":80,"column":38},"end":{"line":80,"column":40}}],"line":80},"5":{"loc":{"start":{"line":98,"column":4},"end":{"line":134,"column":5}},"type":"if","locations":[{"start":{"line":98,"column":4},"end":{"line":134,"column":5}},{"start":{"line":98,"column":4},"end":{"line":134,"column":5}}],"line":98},"6":{"loc":{"start":{"line":152,"column":4},"end":{"line":178,"column":5}},"type":"if","locations":[{"start":{"line":152,"column":4},"end":{"line":178,"column":5}},{"start":{"line":152,"column":4},"end":{"line":178,"column":5}}],"line":152},"7":{"loc":{"start":{"line":205,"column":2},"end":{"line":207,"column":3}},"type":"if","locations":[{"start":{"line":205,"column":2},"end":{"line":207,"column":3}},{"start":{"line":205,"column":2},"end":{"line":207,"column":3}}],"line":205}},"s":{"0":1,"1":1,"2":0,"3":0,"4":0,"5":0,"6":0,"7":0,"8":0,"9":0,"10":0,"11":0,"12":0,"13":0,"14":0,"15":0,"16":0,"17":0,"18":0,"19":0,"20":0,"21":0,"22":0,"23":0,"24":0,"25":0,"26":0,"27":0,"28":0,"29":0,"30":0,"31":0,"32":0,"33":0,"34":0,"35":0,"36":0,"37":0,"38":0,"39":0,"40":0,"41":0,"42":0,"43":0,"44":0,"45":0,"46":0,"47":0,"48":0,"49":0,"50":0,"51":0,"52":0,"53":0,"54":0,"55":0,"56":0,"57":0,"58":0,"59":0,"60":0,"61":0,"62":0,"63":0,"64":0,"65":0,"66":0,"67":0,"68":0,"69":0},"f":{"0":0,"1":0,"2":0,"3":0,"4":0,"5":0,"6":0,"7":0,"8":0,"9":0,"10":0,"11":0,"12":0,"13":0,"14":0,"15":0,"16":0,"17":0,"18":0,"19":0,"20":0,"21":0,"22":0,"23":0,"24":0,"25":0},"b":{"0":[1,0],"1":[0,0],"2":[0,0],"3":[0,0],"4":[0,0],"5":[0,0],"6":[0,0],"7":[0,0]},"_coverageSchema":"43e27e138ebf9cfc5966b082cf9a028302ed4184","hash":"ef11bdaaeee59832a5c8d3af16086e00cbaa407b"}
,"/home/lalis/git/p5.js-web-editor/client/modules/IDE/actions/ide.js": {"path":"/home/lalis/git/p5.js-web-editor/client/modules/IDE/actions/ide.js","statementMap":{"0":{"start":{"line":5,"column":2},"end":{"line":7,"column":4}},"1":{"start":{"line":11,"column":2},"end":{"line":13,"column":4}},"2":{"start":{"line":17,"column":2},"end":{"line":19,"column":4}},"3":{"start":{"line":23,"column":2},"end":{"line":26,"column":4}},"4":{"start":{"line":24,"column":4},"end":{"line":24,"column":34}},"5":{"start":{"line":25,"column":4},"end":{"line":25,"column":35}},"6":{"start":{"line":30,"column":2},"end":{"line":32,"column":4}},"7":{"start":{"line":36,"column":2},"end":{"line":38,"column":4}},"8":{"start":{"line":42,"column":2},"end":{"line":44,"column":4}},"9":{"start":{"line":48,"column":2},"end":{"line":51,"column":4}},"10":{"start":{"line":55,"column":2},"end":{"line":62,"column":4}},"11":{"start":{"line":56,"column":18},"end":{"line":56,"column":28}},"12":{"start":{"line":57,"column":18},"end":{"line":57,"column":93}},"13":{"start":{"line":57,"column":43},"end":{"line":57,"column":89}},"14":{"start":{"line":58,"column":4},"end":{"line":61,"column":7}},"15":{"start":{"line":66,"column":2},"end":{"line":69,"column":4}},"16":{"start":{"line":73,"column":2},"end":{"line":75,"column":4}},"17":{"start":{"line":79,"column":2},"end":{"line":82,"column":4}},"18":{"start":{"line":86,"column":2},"end":{"line":88,"column":4}},"19":{"start":{"line":92,"column":2},"end":{"line":94,"column":4}},"20":{"start":{"line":98,"column":2},"end":{"line":100,"column":4}},"21":{"start":{"line":104,"column":2},"end":{"line":106,"column":4}},"22":{"start":{"line":110,"column":2},"end":{"line":112,"column":4}},"23":{"start":{"line":116,"column":2},"end":{"line":118,"column":4}},"24":{"start":{"line":122,"column":2},"end":{"line":124,"column":4}},"25":{"start":{"line":128,"column":2},"end":{"line":130,"column":4}},"26":{"start":{"line":134,"column":2},"end":{"line":136,"column":4}},"27":{"start":{"line":140,"column":2},"end":{"line":143,"column":4}},"28":{"start":{"line":147,"column":2},"end":{"line":149,"column":4}},"29":{"start":{"line":153,"column":2},"end":{"line":163,"column":4}},"30":{"start":{"line":154,"column":30},"end":{"line":154,"column":40}},"31":{"start":{"line":155,"column":4},"end":{"line":162,"column":7}},"32":{"start":{"line":167,"column":2},"end":{"line":169,"column":4}},"33":{"start":{"line":173,"column":2},"end":{"line":175,"column":4}},"34":{"start":{"line":179,"column":2},"end":{"line":181,"column":4}},"35":{"start":{"line":185,"column":2},"end":{"line":187,"column":4}},"36":{"start":{"line":191,"column":2},"end":{"line":193,"column":4}},"37":{"start":{"line":197,"column":2},"end":{"line":200,"column":4}},"38":{"start":{"line":204,"column":2},"end":{"line":207,"column":4}},"39":{"start":{"line":211,"column":2},"end":{"line":213,"column":4}},"40":{"start":{"line":217,"column":2},"end":{"line":219,"column":4}},"41":{"start":{"line":223,"column":2},"end":{"line":225,"column":4}},"42":{"start":{"line":229,"column":2},"end":{"line":232,"column":4}},"43":{"start":{"line":236,"column":2},"end":{"line":239,"column":4}},"44":{"start":{"line":243,"column":2},"end":{"line":245,"column":4}},"45":{"start":{"line":249,"column":2},"end":{"line":251,"column":4}},"46":{"start":{"line":255,"column":2},"end":{"line":257,"column":4}},"47":{"start":{"line":261,"column":2},"end":{"line":264,"column":4}},"48":{"start":{"line":262,"column":4},"end":{"line":262,"column":29}},"49":{"start":{"line":263,"column":4},"end":{"line":263,"column":38}},"50":{"start":{"line":268,"column":2},"end":{"line":272,"column":4}},"51":{"start":{"line":269,"column":4},"end":{"line":269,"column":29}},"52":{"start":{"line":270,"column":4},"end":{"line":270,"column":38}},"53":{"start":{"line":271,"column":4},"end":{"line":271,"column":38}},"54":{"start":{"line":276,"column":2},"end":{"line":279,"column":4}},"55":{"start":{"line":277,"column":4},"end":{"line":277,"column":37}},"56":{"start":{"line":278,"column":4},"end":{"line":278,"column":33}}},"fnMap":{"0":{"name":"startVisualSketch","decl":{"start":{"line":4,"column":16},"end":{"line":4,"column":33}},"loc":{"start":{"line":4,"column":36},"end":{"line":8,"column":1}},"line":4},"1":{"name":"stopVisualSketch","decl":{"start":{"line":10,"column":16},"end":{"line":10,"column":32}},"loc":{"start":{"line":10,"column":35},"end":{"line":14,"column":1}},"line":10},"2":{"name":"startRefreshSketch","decl":{"start":{"line":16,"column":16},"end":{"line":16,"column":34}},"loc":{"start":{"line":16,"column":37},"end":{"line":20,"column":1}},"line":16},"3":{"name":"startSketchAndRefresh","decl":{"start":{"line":22,"column":16},"end":{"line":22,"column":37}},"loc":{"start":{"line":22,"column":40},"end":{"line":27,"column":1}},"line":22},"4":{"name":"(anonymous_4)","decl":{"start":{"line":23,"column":9},"end":{"line":23,"column":10}},"loc":{"start":{"line":23,"column":23},"end":{"line":26,"column":3}},"line":23},"5":{"name":"endSketchRefresh","decl":{"start":{"line":29,"column":16},"end":{"line":29,"column":32}},"loc":{"start":{"line":29,"column":35},"end":{"line":33,"column":1}},"line":29},"6":{"name":"startAccessibleOutput","decl":{"start":{"line":35,"column":16},"end":{"line":35,"column":37}},"loc":{"start":{"line":35,"column":40},"end":{"line":39,"column":1}},"line":35},"7":{"name":"stopAccessibleOutput","decl":{"start":{"line":41,"column":16},"end":{"line":41,"column":36}},"loc":{"start":{"line":41,"column":39},"end":{"line":45,"column":1}},"line":41},"8":{"name":"setSelectedFile","decl":{"start":{"line":47,"column":16},"end":{"line":47,"column":31}},"loc":{"start":{"line":47,"column":40},"end":{"line":52,"column":1}},"line":47},"9":{"name":"resetSelectedFile","decl":{"start":{"line":54,"column":16},"end":{"line":54,"column":33}},"loc":{"start":{"line":54,"column":46},"end":{"line":63,"column":1}},"line":54},"10":{"name":"(anonymous_10)","decl":{"start":{"line":55,"column":9},"end":{"line":55,"column":10}},"loc":{"start":{"line":55,"column":33},"end":{"line":62,"column":3}},"line":55},"11":{"name":"(anonymous_11)","decl":{"start":{"line":57,"column":35},"end":{"line":57,"column":36}},"loc":{"start":{"line":57,"column":43},"end":{"line":57,"column":89}},"line":57},"12":{"name":"newFile","decl":{"start":{"line":65,"column":16},"end":{"line":65,"column":23}},"loc":{"start":{"line":65,"column":34},"end":{"line":70,"column":1}},"line":65},"13":{"name":"closeNewFileModal","decl":{"start":{"line":72,"column":16},"end":{"line":72,"column":33}},"loc":{"start":{"line":72,"column":36},"end":{"line":76,"column":1}},"line":72},"14":{"name":"openUploadFileModal","decl":{"start":{"line":78,"column":16},"end":{"line":78,"column":35}},"loc":{"start":{"line":78,"column":46},"end":{"line":83,"column":1}},"line":78},"15":{"name":"closeUploadFileModal","decl":{"start":{"line":85,"column":16},"end":{"line":85,"column":36}},"loc":{"start":{"line":85,"column":39},"end":{"line":89,"column":1}},"line":85},"16":{"name":"expandSidebar","decl":{"start":{"line":91,"column":16},"end":{"line":91,"column":29}},"loc":{"start":{"line":91,"column":32},"end":{"line":95,"column":1}},"line":91},"17":{"name":"collapseSidebar","decl":{"start":{"line":97,"column":16},"end":{"line":97,"column":31}},"loc":{"start":{"line":97,"column":34},"end":{"line":101,"column":1}},"line":97},"18":{"name":"expandConsole","decl":{"start":{"line":103,"column":16},"end":{"line":103,"column":29}},"loc":{"start":{"line":103,"column":32},"end":{"line":107,"column":1}},"line":103},"19":{"name":"collapseConsole","decl":{"start":{"line":109,"column":16},"end":{"line":109,"column":31}},"loc":{"start":{"line":109,"column":34},"end":{"line":113,"column":1}},"line":109},"20":{"name":"openPreferences","decl":{"start":{"line":115,"column":16},"end":{"line":115,"column":31}},"loc":{"start":{"line":115,"column":34},"end":{"line":119,"column":1}},"line":115},"21":{"name":"closePreferences","decl":{"start":{"line":121,"column":16},"end":{"line":121,"column":32}},"loc":{"start":{"line":121,"column":35},"end":{"line":125,"column":1}},"line":121},"22":{"name":"openProjectOptions","decl":{"start":{"line":127,"column":16},"end":{"line":127,"column":34}},"loc":{"start":{"line":127,"column":37},"end":{"line":131,"column":1}},"line":127},"23":{"name":"closeProjectOptions","decl":{"start":{"line":133,"column":16},"end":{"line":133,"column":35}},"loc":{"start":{"line":133,"column":38},"end":{"line":137,"column":1}},"line":133},"24":{"name":"newFolder","decl":{"start":{"line":139,"column":16},"end":{"line":139,"column":25}},"loc":{"start":{"line":139,"column":36},"end":{"line":144,"column":1}},"line":139},"25":{"name":"closeNewFolderModal","decl":{"start":{"line":146,"column":16},"end":{"line":146,"column":35}},"loc":{"start":{"line":146,"column":38},"end":{"line":150,"column":1}},"line":146},"26":{"name":"showShareModal","decl":{"start":{"line":152,"column":16},"end":{"line":152,"column":30}},"loc":{"start":{"line":152,"column":70},"end":{"line":164,"column":1}},"line":152},"27":{"name":"(anonymous_27)","decl":{"start":{"line":153,"column":9},"end":{"line":153,"column":10}},"loc":{"start":{"line":153,"column":33},"end":{"line":163,"column":3}},"line":153},"28":{"name":"closeShareModal","decl":{"start":{"line":166,"column":16},"end":{"line":166,"column":31}},"loc":{"start":{"line":166,"column":34},"end":{"line":170,"column":1}},"line":166},"29":{"name":"showEditorOptions","decl":{"start":{"line":172,"column":16},"end":{"line":172,"column":33}},"loc":{"start":{"line":172,"column":36},"end":{"line":176,"column":1}},"line":172},"30":{"name":"closeEditorOptions","decl":{"start":{"line":178,"column":16},"end":{"line":178,"column":34}},"loc":{"start":{"line":178,"column":37},"end":{"line":182,"column":1}},"line":178},"31":{"name":"showKeyboardShortcutModal","decl":{"start":{"line":184,"column":16},"end":{"line":184,"column":41}},"loc":{"start":{"line":184,"column":44},"end":{"line":188,"column":1}},"line":184},"32":{"name":"closeKeyboardShortcutModal","decl":{"start":{"line":190,"column":16},"end":{"line":190,"column":42}},"loc":{"start":{"line":190,"column":45},"end":{"line":194,"column":1}},"line":190},"33":{"name":"setUnsavedChanges","decl":{"start":{"line":196,"column":16},"end":{"line":196,"column":33}},"loc":{"start":{"line":196,"column":41},"end":{"line":201,"column":1}},"line":196},"34":{"name":"detectInfiniteLoops","decl":{"start":{"line":203,"column":16},"end":{"line":203,"column":35}},"loc":{"start":{"line":203,"column":45},"end":{"line":208,"column":1}},"line":203},"35":{"name":"resetInfiniteLoops","decl":{"start":{"line":210,"column":16},"end":{"line":210,"column":34}},"loc":{"start":{"line":210,"column":37},"end":{"line":214,"column":1}},"line":210},"36":{"name":"justOpenedProject","decl":{"start":{"line":216,"column":16},"end":{"line":216,"column":33}},"loc":{"start":{"line":216,"column":36},"end":{"line":220,"column":1}},"line":216},"37":{"name":"resetJustOpenedProject","decl":{"start":{"line":222,"column":16},"end":{"line":222,"column":38}},"loc":{"start":{"line":222,"column":41},"end":{"line":226,"column":1}},"line":222},"38":{"name":"setPreviousPath","decl":{"start":{"line":228,"column":16},"end":{"line":228,"column":31}},"loc":{"start":{"line":228,"column":38},"end":{"line":233,"column":1}},"line":228},"39":{"name":"showErrorModal","decl":{"start":{"line":235,"column":16},"end":{"line":235,"column":30}},"loc":{"start":{"line":235,"column":42},"end":{"line":240,"column":1}},"line":235},"40":{"name":"hideErrorModal","decl":{"start":{"line":242,"column":16},"end":{"line":242,"column":30}},"loc":{"start":{"line":242,"column":33},"end":{"line":246,"column":1}},"line":242},"41":{"name":"hideRuntimeErrorWarning","decl":{"start":{"line":248,"column":16},"end":{"line":248,"column":39}},"loc":{"start":{"line":248,"column":42},"end":{"line":252,"column":1}},"line":248},"42":{"name":"showRuntimeErrorWarning","decl":{"start":{"line":254,"column":16},"end":{"line":254,"column":39}},"loc":{"start":{"line":254,"column":42},"end":{"line":258,"column":1}},"line":254},"43":{"name":"startSketch","decl":{"start":{"line":260,"column":16},"end":{"line":260,"column":27}},"loc":{"start":{"line":260,"column":30},"end":{"line":265,"column":1}},"line":260},"44":{"name":"(anonymous_44)","decl":{"start":{"line":261,"column":9},"end":{"line":261,"column":10}},"loc":{"start":{"line":261,"column":23},"end":{"line":264,"column":3}},"line":261},"45":{"name":"startAccessibleSketch","decl":{"start":{"line":267,"column":16},"end":{"line":267,"column":37}},"loc":{"start":{"line":267,"column":40},"end":{"line":273,"column":1}},"line":267},"46":{"name":"(anonymous_46)","decl":{"start":{"line":268,"column":9},"end":{"line":268,"column":10}},"loc":{"start":{"line":268,"column":23},"end":{"line":272,"column":3}},"line":268},"47":{"name":"stopSketch","decl":{"start":{"line":275,"column":16},"end":{"line":275,"column":26}},"loc":{"start":{"line":275,"column":29},"end":{"line":280,"column":1}},"line":275},"48":{"name":"(anonymous_48)","decl":{"start":{"line":276,"column":9},"end":{"line":276,"column":10}},"loc":{"start":{"line":276,"column":23},"end":{"line":279,"column":3}},"line":276}},"branchMap":{"0":{"loc":{"start":{"line":57,"column":43},"end":{"line":57,"column":89}},"type":"binary-expr","locations":[{"start":{"line":57,"column":43},"end":{"line":57,"column":63}},{"start":{"line":57,"column":67},"end":{"line":57,"column":89}}],"line":57},"1":{"loc":{"start":{"line":158,"column":29},"end":{"line":158,"column":52}},"type":"binary-expr","locations":[{"start":{"line":158,"column":29},"end":{"line":158,"column":38}},{"start":{"line":158,"column":42},"end":{"line":158,"column":52}}],"line":158},"2":{"loc":{"start":{"line":159,"column":31},"end":{"line":159,"column":58}},"type":"binary-expr","locations":[{"start":{"line":159,"column":31},"end":{"line":159,"column":42}},{"start":{"line":159,"column":46},"end":{"line":159,"column":58}}],"line":159},"3":{"loc":{"start":{"line":160,"column":35},"end":{"line":160,"column":65}},"type":"binary-expr","locations":[{"start":{"line":160,"column":35},"end":{"line":160,"column":48}},{"start":{"line":160,"column":52},"end":{"line":160,"column":65}}],"line":160}},"s":{"0":0,"1":0,"2":0,"3":0,"4":0,"5":0,"6":0,"7":0,"8":0,"9":0,"10":0,"11":0,"12":0,"13":0,"14":0,"15":0,"16":0,"17":0,"18":0,"19":0,"20":0,"21":0,"22":0,"23":0,"24":0,"25":0,"26":0,"27":0,"28":0,"29":0,"30":0,"31":0,"32":0,"33":0,"34":0,"35":0,"36":0,"37":0,"38":0,"39":0,"40":0,"41":0,"42":0,"43":0,"44":0,"45":0,"46":0,"47":0,"48":0,"49":0,"50":0,"51":0,"52":0,"53":0,"54":0,"55":0,"56":0},"f":{"0":0,"1":0,"2":0,"3":0,"4":0,"5":0,"6":0,"7":0,"8":0,"9":0,"10":0,"11":0,"12":0,"13":0,"14":0,"15":0,"16":0,"17":0,"18":0,"19":0,"20":0,"21":0,"22":0,"23":0,"24":0,"25":0,"26":0,"27":0,"28":0,"29":0,"30":0,"31":0,"32":0,"33":0,"34":0,"35":0,"36":0,"37":0,"38":0,"39":0,"40":0,"41":0,"42":0,"43":0,"44":0,"45":0,"46":0,"47":0,"48":0},"b":{"0":[0,0],"1":[0,0],"2":[0,0],"3":[0,0]},"_coverageSchema":"43e27e138ebf9cfc5966b082cf9a028302ed4184","hash":"4d0e79d82ab84d2742ec6b1fe4bfbd34a3a4bb5a"}
,"/home/lalis/git/p5.js-web-editor/client/modules/IDE/actions/preferences.js": {"path":"/home/lalis/git/p5.js-web-editor/client/modules/IDE/actions/preferences.js","statementMap":{"0":{"start":{"line":4,"column":18},"end":{"line":4,"column":75}},"1":{"start":{"line":5,"column":17},"end":{"line":5,"column":38}},"2":{"start":{"line":8,"column":2},"end":{"line":14,"column":8}},"3":{"start":{"line":11,"column":23},"end":{"line":14,"column":6}},"4":{"start":{"line":18,"column":2},"end":{"line":32,"column":4}},"5":{"start":{"line":19,"column":4},"end":{"line":22,"column":7}},"6":{"start":{"line":23,"column":18},"end":{"line":23,"column":28}},"7":{"start":{"line":24,"column":4},"end":{"line":31,"column":5}},"8":{"start":{"line":25,"column":25},"end":{"line":29,"column":7}},"9":{"start":{"line":30,"column":6},"end":{"line":30,"column":46}},"10":{"start":{"line":36,"column":2},"end":{"line":50,"column":4}},"11":{"start":{"line":37,"column":4},"end":{"line":40,"column":7}},"12":{"start":{"line":41,"column":18},"end":{"line":41,"column":28}},"13":{"start":{"line":42,"column":4},"end":{"line":49,"column":5}},"14":{"start":{"line":43,"column":25},"end":{"line":47,"column":7}},"15":{"start":{"line":48,"column":6},"end":{"line":48,"column":46}},"16":{"start":{"line":54,"column":2},"end":{"line":68,"column":4}},"17":{"start":{"line":55,"column":4},"end":{"line":58,"column":7}},"18":{"start":{"line":59,"column":18},"end":{"line":59,"column":28}},"19":{"start":{"line":60,"column":4},"end":{"line":67,"column":5}},"20":{"start":{"line":61,"column":25},"end":{"line":65,"column":7}},"21":{"start":{"line":66,"column":6},"end":{"line":66,"column":46}},"22":{"start":{"line":72,"column":2},"end":{"line":86,"column":4}},"23":{"start":{"line":73,"column":4},"end":{"line":76,"column":7}},"24":{"start":{"line":77,"column":18},"end":{"line":77,"column":28}},"25":{"start":{"line":78,"column":4},"end":{"line":85,"column":5}},"26":{"start":{"line":79,"column":25},"end":{"line":83,"column":7}},"27":{"start":{"line":84,"column":6},"end":{"line":84,"column":46}},"28":{"start":{"line":90,"column":2},"end":{"line":104,"column":4}},"29":{"start":{"line":91,"column":4},"end":{"line":94,"column":7}},"30":{"start":{"line":95,"column":18},"end":{"line":95,"column":28}},"31":{"start":{"line":96,"column":4},"end":{"line":103,"column":5}},"32":{"start":{"line":97,"column":25},"end":{"line":101,"column":7}},"33":{"start":{"line":102,"column":6},"end":{"line":102,"column":46}},"34":{"start":{"line":108,"column":2},"end":{"line":122,"column":4}},"35":{"start":{"line":109,"column":4},"end":{"line":112,"column":7}},"36":{"start":{"line":113,"column":18},"end":{"line":113,"column":28}},"37":{"start":{"line":114,"column":4},"end":{"line":121,"column":5}},"38":{"start":{"line":115,"column":25},"end":{"line":119,"column":7}},"39":{"start":{"line":120,"column":6},"end":{"line":120,"column":46}},"40":{"start":{"line":126,"column":2},"end":{"line":140,"column":4}},"41":{"start":{"line":127,"column":4},"end":{"line":130,"column":7}},"42":{"start":{"line":131,"column":18},"end":{"line":131,"column":28}},"43":{"start":{"line":132,"column":4},"end":{"line":139,"column":5}},"44":{"start":{"line":133,"column":25},"end":{"line":137,"column":7}},"45":{"start":{"line":138,"column":6},"end":{"line":138,"column":46}},"46":{"start":{"line":144,"column":2},"end":{"line":158,"column":4}},"47":{"start":{"line":145,"column":4},"end":{"line":148,"column":7}},"48":{"start":{"line":149,"column":18},"end":{"line":149,"column":28}},"49":{"start":{"line":150,"column":4},"end":{"line":157,"column":5}},"50":{"start":{"line":151,"column":25},"end":{"line":155,"column":7}},"51":{"start":{"line":156,"column":6},"end":{"line":156,"column":46}},"52":{"start":{"line":166,"column":2},"end":{"line":180,"column":4}},"53":{"start":{"line":167,"column":4},"end":{"line":170,"column":7}},"54":{"start":{"line":171,"column":18},"end":{"line":171,"column":28}},"55":{"start":{"line":172,"column":4},"end":{"line":179,"column":5}},"56":{"start":{"line":173,"column":25},"end":{"line":177,"column":7}},"57":{"start":{"line":178,"column":6},"end":{"line":178,"column":46}},"58":{"start":{"line":188,"column":2},"end":{"line":202,"column":4}},"59":{"start":{"line":189,"column":4},"end":{"line":192,"column":7}},"60":{"start":{"line":193,"column":18},"end":{"line":193,"column":28}},"61":{"start":{"line":194,"column":4},"end":{"line":201,"column":5}},"62":{"start":{"line":195,"column":25},"end":{"line":199,"column":7}},"63":{"start":{"line":200,"column":6},"end":{"line":200,"column":46}},"64":{"start":{"line":206,"column":2},"end":{"line":210,"column":4}},"65":{"start":{"line":207,"column":4},"end":{"line":207,"column":35}},"66":{"start":{"line":208,"column":4},"end":{"line":208,"column":35}},"67":{"start":{"line":209,"column":4},"end":{"line":209,"column":36}}},"fnMap":{"0":{"name":"updatePreferences","decl":{"start":{"line":7,"column":9},"end":{"line":7,"column":26}},"loc":{"start":{"line":7,"column":49},"end":{"line":15,"column":1}},"line":7},"1":{"name":"(anonymous_1)","decl":{"start":{"line":9,"column":10},"end":{"line":9,"column":11}},"loc":{"start":{"line":9,"column":16},"end":{"line":10,"column":5}},"line":9},"2":{"name":"(anonymous_2)","decl":{"start":{"line":11,"column":11},"end":{"line":11,"column":12}},"loc":{"start":{"line":11,"column":23},"end":{"line":14,"column":6}},"line":11},"3":{"name":"setFontSize","decl":{"start":{"line":17,"column":16},"end":{"line":17,"column":27}},"loc":{"start":{"line":17,"column":35},"end":{"line":33,"column":1}},"line":17},"4":{"name":"(anonymous_4)","decl":{"start":{"line":18,"column":9},"end":{"line":18,"column":10}},"loc":{"start":{"line":18,"column":33},"end":{"line":32,"column":3}},"line":18},"5":{"name":"setLineNumbers","decl":{"start":{"line":35,"column":16},"end":{"line":35,"column":30}},"loc":{"start":{"line":35,"column":38},"end":{"line":51,"column":1}},"line":35},"6":{"name":"(anonymous_6)","decl":{"start":{"line":36,"column":9},"end":{"line":36,"column":10}},"loc":{"start":{"line":36,"column":33},"end":{"line":50,"column":3}},"line":36},"7":{"name":"setAutosave","decl":{"start":{"line":53,"column":16},"end":{"line":53,"column":27}},"loc":{"start":{"line":53,"column":35},"end":{"line":69,"column":1}},"line":53},"8":{"name":"(anonymous_8)","decl":{"start":{"line":54,"column":9},"end":{"line":54,"column":10}},"loc":{"start":{"line":54,"column":33},"end":{"line":68,"column":3}},"line":54},"9":{"name":"setLinewrap","decl":{"start":{"line":71,"column":16},"end":{"line":71,"column":27}},"loc":{"start":{"line":71,"column":35},"end":{"line":87,"column":1}},"line":71},"10":{"name":"(anonymous_10)","decl":{"start":{"line":72,"column":9},"end":{"line":72,"column":10}},"loc":{"start":{"line":72,"column":33},"end":{"line":86,"column":3}},"line":72},"11":{"name":"setLintWarning","decl":{"start":{"line":89,"column":16},"end":{"line":89,"column":30}},"loc":{"start":{"line":89,"column":38},"end":{"line":105,"column":1}},"line":89},"12":{"name":"(anonymous_12)","decl":{"start":{"line":90,"column":9},"end":{"line":90,"column":10}},"loc":{"start":{"line":90,"column":33},"end":{"line":104,"column":3}},"line":90},"13":{"name":"setTextOutput","decl":{"start":{"line":107,"column":16},"end":{"line":107,"column":29}},"loc":{"start":{"line":107,"column":37},"end":{"line":123,"column":1}},"line":107},"14":{"name":"(anonymous_14)","decl":{"start":{"line":108,"column":9},"end":{"line":108,"column":10}},"loc":{"start":{"line":108,"column":33},"end":{"line":122,"column":3}},"line":108},"15":{"name":"setGridOutput","decl":{"start":{"line":125,"column":16},"end":{"line":125,"column":29}},"loc":{"start":{"line":125,"column":37},"end":{"line":141,"column":1}},"line":125},"16":{"name":"(anonymous_16)","decl":{"start":{"line":126,"column":9},"end":{"line":126,"column":10}},"loc":{"start":{"line":126,"column":33},"end":{"line":140,"column":3}},"line":126},"17":{"name":"setSoundOutput","decl":{"start":{"line":143,"column":16},"end":{"line":143,"column":30}},"loc":{"start":{"line":143,"column":38},"end":{"line":159,"column":1}},"line":143},"18":{"name":"(anonymous_18)","decl":{"start":{"line":144,"column":9},"end":{"line":144,"column":10}},"loc":{"start":{"line":144,"column":33},"end":{"line":158,"column":3}},"line":144},"19":{"name":"setTheme","decl":{"start":{"line":161,"column":16},"end":{"line":161,"column":24}},"loc":{"start":{"line":161,"column":32},"end":{"line":181,"column":1}},"line":161},"20":{"name":"(anonymous_20)","decl":{"start":{"line":166,"column":9},"end":{"line":166,"column":10}},"loc":{"start":{"line":166,"column":33},"end":{"line":180,"column":3}},"line":166},"21":{"name":"setAutorefresh","decl":{"start":{"line":183,"column":16},"end":{"line":183,"column":30}},"loc":{"start":{"line":183,"column":38},"end":{"line":203,"column":1}},"line":183},"22":{"name":"(anonymous_22)","decl":{"start":{"line":188,"column":9},"end":{"line":188,"column":10}},"loc":{"start":{"line":188,"column":33},"end":{"line":202,"column":3}},"line":188},"23":{"name":"setAllAccessibleOutput","decl":{"start":{"line":205,"column":16},"end":{"line":205,"column":38}},"loc":{"start":{"line":205,"column":46},"end":{"line":211,"column":1}},"line":205},"24":{"name":"(anonymous_24)","decl":{"start":{"line":206,"column":9},"end":{"line":206,"column":10}},"loc":{"start":{"line":206,"column":23},"end":{"line":210,"column":3}},"line":206}},"branchMap":{"0":{"loc":{"start":{"line":4,"column":19},"end":{"line":4,"column":66}},"type":"cond-expr","locations":[{"start":{"line":4,"column":51},"end":{"line":4,"column":57}},{"start":{"line":4,"column":60},"end":{"line":4,"column":66}}],"line":4},"1":{"loc":{"start":{"line":24,"column":4},"end":{"line":31,"column":5}},"type":"if","locations":[{"start":{"line":24,"column":4},"end":{"line":31,"column":5}},{"start":{"line":24,"column":4},"end":{"line":31,"column":5}}],"line":24},"2":{"loc":{"start":{"line":42,"column":4},"end":{"line":49,"column":5}},"type":"if","locations":[{"start":{"line":42,"column":4},"end":{"line":49,"column":5}},{"start":{"line":42,"column":4},"end":{"line":49,"column":5}}],"line":42},"3":{"loc":{"start":{"line":60,"column":4},"end":{"line":67,"column":5}},"type":"if","locations":[{"start":{"line":60,"column":4},"end":{"line":67,"column":5}},{"start":{"line":60,"column":4},"end":{"line":67,"column":5}}],"line":60},"4":{"loc":{"start":{"line":78,"column":4},"end":{"line":85,"column":5}},"type":"if","locations":[{"start":{"line":78,"column":4},"end":{"line":85,"column":5}},{"start":{"line":78,"column":4},"end":{"line":85,"column":5}}],"line":78},"5":{"loc":{"start":{"line":96,"column":4},"end":{"line":103,"column":5}},"type":"if","locations":[{"start":{"line":96,"column":4},"end":{"line":103,"column":5}},{"start":{"line":96,"column":4},"end":{"line":103,"column":5}}],"line":96},"6":{"loc":{"start":{"line":114,"column":4},"end":{"line":121,"column":5}},"type":"if","locations":[{"start":{"line":114,"column":4},"end":{"line":121,"column":5}},{"start":{"line":114,"column":4},"end":{"line":121,"column":5}}],"line":114},"7":{"loc":{"start":{"line":132,"column":4},"end":{"line":139,"column":5}},"type":"if","locations":[{"start":{"line":132,"column":4},"end":{"line":139,"column":5}},{"start":{"line":132,"column":4},"end":{"line":139,"column":5}}],"line":132},"8":{"loc":{"start":{"line":150,"column":4},"end":{"line":157,"column":5}},"type":"if","locations":[{"start":{"line":150,"column":4},"end":{"line":157,"column":5}},{"start":{"line":150,"column":4},"end":{"line":157,"column":5}}],"line":150},"9":{"loc":{"start":{"line":172,"column":4},"end":{"line":179,"column":5}},"type":"if","locations":[{"start":{"line":172,"column":4},"end":{"line":179,"column":5}},{"start":{"line":172,"column":4},"end":{"line":179,"column":5}}],"line":172},"10":{"loc":{"start":{"line":194,"column":4},"end":{"line":201,"column":5}},"type":"if","locations":[{"start":{"line":194,"column":4},"end":{"line":201,"column":5}},{"start":{"line":194,"column":4},"end":{"line":201,"column":5}}],"line":194}},"s":{"0":1,"1":1,"2":0,"3":0,"4":0,"5":0,"6":0,"7":0,"8":0,"9":0,"10":0,"11":0,"12":0,"13":0,"14":0,"15":0,"16":0,"17":0,"18":0,"19":0,"20":0,"21":0,"22":0,"23":0,"24":0,"25":0,"26":0,"27":0,"28":0,"29":0,"30":0,"31":0,"32":0,"33":0,"34":0,"35":0,"36":0,"37":0,"38":0,"39":0,"40":0,"41":0,"42":0,"43":0,"44":0,"45":0,"46":0,"47":0,"48":0,"49":0,"50":0,"51":0,"52":0,"53":0,"54":0,"55":0,"56":0,"57":0,"58":0,"59":0,"60":0,"61":0,"62":0,"63":0,"64":0,"65":0,"66":0,"67":0},"f":{"0":0,"1":0,"2":0,"3":0,"4":0,"5":0,"6":0,"7":0,"8":0,"9":0,"10":0,"11":0,"12":0,"13":0,"14":0,"15":0,"16":0,"17":0,"18":0,"19":0,"20":0,"21":0,"22":0,"23":0,"24":0},"b":{"0":[1,0],"1":[0,0],"2":[0,0],"3":[0,0],"4":[0,0],"5":[0,0],"6":[0,0],"7":[0,0],"8":[0,0],"9":[0,0],"10":[0,0]},"_coverageSchema":"43e27e138ebf9cfc5966b082cf9a028302ed4184","hash":"a0a575d85c243f09f09c4968dd481470b7c95a01"}
[...]
lumn":4},"end":{"line":70,"column":5}},"type":"if","locations":[{"start":{"line":39,"column":4},"end":{"line":70,"column":5}},{"start":{"line":39,"column":4},"end":{"line":70,"column":5}}],"line":39},"2":{"loc":{"start":{"line":61,"column":6},"end":{"line":67,"column":7}},"type":"if","locations":[{"start":{"line":61,"column":6},"end":{"line":67,"column":7}},{"start":{"line":61,"column":6},"end":{"line":67,"column":7}}],"line":61},"3":{"loc":{"start":{"line":63,"column":13},"end":{"line":67,"column":7}},"type":"if","locations":[{"start":{"line":63,"column":13},"end":{"line":67,"column":7}},{"start":{"line":63,"column":13},"end":{"line":67,"column":7}}],"line":63},"4":{"loc":{"start":{"line":74,"column":4},"end":{"line":76,"column":5}},"type":"if","locations":[{"start":{"line":74,"column":4},"end":{"line":76,"column":5}},{"start":{"line":74,"column":4},"end":{"line":76,"column":5}}],"line":74},"5":{"loc":{"start":{"line":82,"column":31},"end":{"line":82,"column":40}},"type":"default-arg","locations":[{"start":{"line":82,"column":38},"end":{"line":82,"column":40}}],"line":82},"6":{"loc":{"start":{"line":91,"column":2},"end":{"line":101,"column":3}},"type":"if","locations":[{"start":{"line":91,"column":2},"end":{"line":101,"column":3}},{"start":{"line":91,"column":2},"end":{"line":101,"column":3}}],"line":91},"7":{"loc":{"start":{"line":119,"column":2},"end":{"line":127,"column":3}},"type":"if","locations":[{"start":{"line":119,"column":2},"end":{"line":127,"column":3}},{"start":{"line":119,"column":2},"end":{"line":127,"column":3}}],"line":119},"8":{"loc":{"start":{"line":120,"column":4},"end":{"line":122,"column":5}},"type":"if","locations":[{"start":{"line":120,"column":4},"end":{"line":122,"column":5}},{"start":{"line":120,"column":4},"end":{"line":122,"column":5}}],"line":120}},"s":{"0":3,"1":3,"2":0,"3":40,"4":40,"5":40,"6":52,"7":52,"8":52,"9":23,"10":23,"11":23,"12":23,"13":23,"14":29,"15":29,"16":1,"17":28,"18":23,"19":5,"20":29,"21":52,"22":35,"23":40,"24":17,"25":17,"26":17,"27":4,"28":5,"29":4,"30":4,"31":4,"32":13,"33":14,"34":11,"35":11,"36":11,"37":11,"38":8,"39":5,"40":8,"41":3,"42":6,"43":6,"44":6},"f":{"0":0,"1":40,"2":52,"3":17,"4":5,"5":14,"6":11,"7":11},"b":{"0":[0],"1":[23,29],"2":[1,28],"3":[23,5],"4":[35,17],"5":[0],"6":[4,13],"7":[8,3],"8":[5,3]},"_coverageSchema":"43e27e138ebf9cfc5966b082cf9a028302ed4184","hash":"d14a30f16c530fdecaf115469a3c256387342af1"}
,"/home/lalis/git/p5.js-web-editor/server/domain-objects/createDefaultFiles.js": {"path":"/home/lalis/git/p5.js-web-editor/server/domain-objects/createDefaultFiles.js","statementMap":{"0":{"start":{"line":1,"column":22},"end":{"line":7,"column":2}},"1":{"start":{"line":10,"column":2},"end":{"line":24,"column":1}},"2":{"start":{"line":27,"column":2},"end":{"line":34,"column":1}},"3":{"start":{"line":37,"column":2},"end":{"line":47,"column":4}}},"fnMap":{"0":{"name":"createDefaultFiles","decl":{"start":{"line":36,"column":24},"end":{"line":36,"column":42}},"loc":{"start":{"line":36,"column":45},"end":{"line":48,"column":1}},"line":36}},"branchMap":{},"s":{"0":3,"1":3,"2":3,"3":5},"f":{"0":5},"b":{},"_coverageSchema":"43e27e138ebf9cfc5966b082cf9a028302ed4184","hash":"d972311abf4c13044acd4b2f18c045cbd1bf941a"}
,"/home/lalis/git/p5.js-web-editor/server/models/project.js": {"path":"/home/lalis/git/p5.js-web-editor/server/models/project.js","statementMap":{"0":{"start":{"line":8,"column":19},"end":{"line":8,"column":27}},"1":{"start":{"line":10,"column":19},"end":{"line":20,"column":1}},"2":{"start":{"line":22,"column":0},"end":{"line":24,"column":3}},"3":{"start":{"line":23,"column":2},"end":{"line":23,"column":32}},"4":{"start":{"line":26,"column":0},"end":{"line":28,"column":3}},"5":{"start":{"line":30,"column":22},"end":{"line":40,"column":1}},"6":{"start":{"line":42,"column":0},"end":{"line":44,"column":3}},"7":{"start":{"line":43,"column":2},"end":{"line":43,"column":18}},"8":{"start":{"line":46,"column":0},"end":{"line":48,"column":3}},"9":{"start":{"line":50,"column":0},"end":{"line":58,"column":3}},"10":{"start":{"line":51,"column":18},"end":{"line":51,"column":22}},"11":{"start":{"line":53,"column":2},"end":{"line":55,"column":3}},"12":{"start":{"line":54,"column":4},"end":{"line":54,"column":46}},"13":{"start":{"line":57,"column":2},"end":{"line":57,"column":16}},"14":{"start":{"line":63,"column":0},"end":{"line":89,"column":2}},"15":{"start":{"line":64,"column":18},"end":{"line":64,"column":22}},"16":{"start":{"line":65,"column":22},"end":{"line":65,"column":46}},"17":{"start":{"line":67,"column":2},"end":{"line":88,"column":3}},"18":{"start":{"line":68,"column":25},"end":{"line":70,"column":13}},"19":{"start":{"line":72,"column":19},"end":{"line":75,"column":5}},"20":{"start":{"line":74,"column":44},"end":{"line":74,"column":49}},"21":{"start":{"line":77,"column":4},"end":{"line":79,"column":5}},"22":{"start":{"line":78,"column":6},"end":{"line":78,"column":23}},"23":{"start":{"line":81,"column":4},"end":{"line":81,"column":18}},"24":{"start":{"line":83,"column":4},"end":{"line":85,"column":5}},"25":{"start":{"line":84,"column":6},"end":{"line":84,"column":20}},"26":{"start":{"line":87,"column":4},"end":{"line":87,"column":14}}},"fnMap":{"0":{"name":"getFileId","decl":{"start":{"line":22,"column":38},"end":{"line":22,"column":47}},"loc":{"start":{"line":22,"column":50},"end":{"line":24,"column":1}},"line":22},"1":{"name":"getProjectId","decl":{"start":{"line":42,"column":41},"end":{"line":42,"column":53}},"loc":{"start":{"line":42,"column":56},"end":{"line":44,"column":1}},"line":42},"2":{"name":"generateSlug","decl":{"start":{"line":50,"column":35},"end":{"line":50,"column":47}},"loc":{"start":{"line":50,"column":54},"end":{"line":58,"column":1}},"line":50},"3":{"name":"isSlugUnique","decl":{"start":{"line":63,"column":52},"end":{"line":63,"column":64}},"loc":{"start":{"line":63,"column":69},"end":{"line":89,"column":1}},"line":63},"4":{"name":"(anonymous_4)","decl":{"start":{"line":74,"column":39},"end":{"line":74,"column":40}},"loc":{"start":{"line":74,"column":44},"end":{"line":74,"column":49}},"line":74}},"branchMap":{"0":{"loc":{"start":{"line":53,"column":2},"end":{"line":55,"column":3}},"type":"if","locations":[{"start":{"line":53,"column":2},"end":{"line":55,"column":3}},{"start":{"line":53,"column":2},"end":{"line":55,"column":3}}],"line":53},"1":{"loc":{"start":{"line":74,"column":22},"end":{"line":74,"column":56}},"type":"binary-expr","locations":[{"start":{"line":74,"column":22},"end":{"line":74,"column":50}},{"start":{"line":74,"column":54},"end":{"line":74,"column":56}}],"line":74},"2":{"loc":{"start":{"line":77,"column":4},"end":{"line":79,"column":5}},"type":"if","locations":[{"start":{"line":77,"column":4},"end":{"line":79,"column":5}},{"start":{"line":77,"column":4},"end":{"line":79,"column":5}}],"line":77},"3":{"loc":{"start":{"line":83,"column":4},"end":{"line":85,"column":5}},"type":"if","locations":[{"start":{"line":83,"column":4},"end":{"line":85,"column":5}},{"start":{"line":83,"column":4},"end":{"line":85,"column":5}}],"line":83}},"s":{"0":5,"1":5,"2":5,"3":0,"4":5,"5":5,"6":5,"7":3,"8":5,"9":5,"10":5,"11":5,"12":5,"13":5,"14":5,"15":0,"16":0,"17":0,"18":0,"19":0,"20":0,"21":0,"22":0,"23":0,"24":0,"25":0,"26":0},"f":{"0":0,"1":3,"2":5,"3":0,"4":0},"b":{"0":[5,0],"1":[0,0],"2":[0,0],"3":[0,0]},"_coverageSchema":"43e27e138ebf9cfc5966b082cf9a028302ed4184","hash":"a33aaacd8058450eabf6f019099b2a8621c995ad"}
,"/home/lalis/git/p5.js-web-editor/server/models/user.js": {"path":"/home/lalis/git/p5.js-web-editor/server/models/user.js","statementMap":{"0":{"start":{"line":3,"column":15},"end":{"line":3,"column":39}},"1":{"start":{"line":5,"column":32},"end":{"line":9,"column":1}},"2":{"start":{"line":11,"column":19},"end":{"line":11,"column":27}},"3":{"start":{"line":13,"column":21},"end":{"line":17,"column":35}},"4":{"start":{"line":19,"column":0},"end":{"line":21,"column":3}},"5":{"start":{"line":20,"column":2},"end":{"line":20,"column":32}},"6":{"start":{"line":29,"column":2},"end":{"line":31,"column":4}},"7":{"start":{"line":34,"column":0},"end":{"line":36,"column":3}},"8":{"start":{"line":38,"column":0},"end":{"line":41,"column":3}},"9":{"start":{"line":43,"column":19},"end":{"line":71,"column":43}},"10":{"start":{"line":76,"column":0},"end":{"line":87,"column":3}},"11":{"start":{"line":77,"column":15},"end":{"line":77,"column":19}},"12":{"start":{"line":78,"column":2},"end":{"line":78,"column":54}},"13":{"start":{"line":78,"column":38},"end":{"line":78,"column":52}},"14":{"start":{"line":79,"column":2},"end":{"line":86,"column":5}},"15":{"start":{"line":80,"column":4},"end":{"line":80,"column":34}},"16":{"start":{"line":80,"column":15},"end":{"line":80,"column":32}},"17":{"start":{"line":81,"column":4},"end":{"line":85,"column":7}},"18":{"start":{"line":82,"column":6},"end":{"line":82,"column":46}},"19":{"start":{"line":82,"column":22},"end":{"line":82,"column":44}},"20":{"start":{"line":83,"column":6},"end":{"line":83,"column":27}},"21":{"start":{"line":84,"column":6},"end":{"line":84,"column":20}},"22":{"start":{"line":92,"column":0},"end":{"line":110,"column":3}},"23":{"start":{"line":93,"column":15},"end":{"line":93,"column":19}},"24":{"start":{"line":94,"column":2},"end":{"line":94,"column":53}},"25":{"start":{"line":94,"column":37},"end":{"line":94,"column":51}},"26":{"start":{"line":95,"column":15},"end":{"line":95,"column":20}},"27":{"start":{"line":96,"column":2},"end":{"line":108,"column":5}},"28":{"start":{"line":97,"column":4},"end":{"line":107,"column":5}},"29":{"start":{"line":98,"column":6},"end":{"line":98,"column":20}},"30":{"start":{"line":99,"column":6},"end":{"line":106,"column":9}},"31":{"start":{"line":100,"column":8},"end":{"line":100,"column":38}},"32":{"start":{"line":100,"column":19},"end":{"line":100,"column":36}},"33":{"start":{"line":101,"column":8},"end":{"line":105,"column":11}},"34":{"start":{"line":102,"column":10},"end":{"line":102,"column":50}},"35":{"start":{"line":102,"column":26},"end":{"line":102,"column":48}},"36":{"start":{"line":103,"column":10},"end":{"line":103,"column":29}},"37":{"start":{"line":104,"column":10},"end":{"line":104,"column":24}},"38":{"start":{"line":109,"column":2},"end":{"line":109,"column":29}},"39":{"start":{"line":109,"column":15},"end":{"line":109,"column":29}},"40":{"start":{"line":112,"column":0},"end":{"line":114,"column":3}},"41":{"start":{"line":113,"column":2},"end":{"line":113,"column":32}},"42":{"start":{"line":116,"column":0},"end":{"line":118,"column":3}},"43":{"start":{"line":123,"column":0},"end":{"line":128,"column":2}},"44":{"start":{"line":125,"column":2},"end":{"line":127,"column":5}},"45":{"start":{"line":126,"column":4},"end":{"line":126,"column":21}},"46":{"start":{"line":133,"column":0},"end":{"line":142,"column":2}},"47":{"start":{"line":134,"column":17},"end":{"line":134,"column":22}},"48":{"start":{"line":135,"column":2},"end":{"line":140,"column":5}},"49":{"start":{"line":136,"column":4},"end":{"line":139,"column":5}},"50":{"start":{"line":137,"column":6},"end":{"line":137,"column":22}},"51":{"start":{"line":138,"column":6},"end":{"line":138,"column":24}},"52":{"start":{"line":141,"column":2},"end":{"line":141,"column":65}},"53":{"start":{"line":141,"column":17},"end":{"line":141,"column":65}},"54":{"start":{"line":144,"column":0},"end":{"line":153,"column":2}},"55":{"start":{"line":145,"column":16},"end":{"line":151,"column":3}},"56":{"start":{"line":152,"column":2},"end":{"line":152,"column":36}},"57":{"start":{"line":155,"column":0},"end":{"line":155,"column":63}}},"fnMap":{"0":{"name":"getApiKeyId","decl":{"start":{"line":19,"column":40},"end":{"line":19,"column":51}},"loc":{"start":{"line":19,"column":54},"end":{"line":21,"column":1}},"line":19},"1":{"name":"apiKeyMetadata","decl":{"start":{"line":28,"column":9},"end":{"line":28,"column":23}},"loc":{"start":{"line":28,"column":43},"end":{"line":32,"column":1}},"line":28},"2":{"name":"checkPassword","decl":{"start":{"line":76,"column":32},"end":{"line":76,"column":45}},"loc":{"start":{"line":76,"column":52},"end":{"line":87,"column":1}},"line":76},"3":{"name":"(anonymous_3)","decl":{"start":{"line":79,"column":21},"end":{"line":79,"column":22}},"loc":{"start":{"line":79,"column":36},"end":{"line":86,"column":3}},"line":79},"4":{"name":"(anonymous_4)","decl":{"start":{"line":81,"column":43},"end":{"line":81,"column":44}},"loc":{"start":{"line":81,"column":63},"end":{"line":85,"column":5}},"line":81},"5":{"name":"checkApiKey","decl":{"start":{"line":92,"column":32},"end":{"line":92,"column":43}},"loc":{"start":{"line":92,"column":50},"end":{"line":110,"column":1}},"line":92},"6":{"name":"(anonymous_6)","decl":{"start":{"line":96,"column":23},"end":{"line":96,"column":24}},"loc":{"start":{"line":96,"column":30},"end":{"line":108,"column":3}},"line":96},"7":{"name":"(anonymous_7)","decl":{"start":{"line":99,"column":25},"end":{"line":99,"column":26}},"loc":{"start":{"line":99,"column":40},"end":{"line":106,"column":7}},"line":99},"8":{"name":"(anonymous_8)","decl":{"start":{"line":101,"column":45},"end":{"line":101,"column":46}},"loc":{"start":{"line":101,"column":65},"end":{"line":105,"column":9}},"line":101},"9":{"name":"idToString","decl":{"start":{"line":112,"column":38},"end":{"line":112,"column":48}},"loc":{"start":{"line":112,"column":51},"end":{"line":114,"column":1}},"line":112},"10":{"name":"comparePassword","decl":{"start":{"line":123,"column":46},"end":{"line":123,"column":61}},"loc":{"start":{"line":123,"column":85},"end":{"line":128,"column":1}},"line":123},"11":{"name":"(anonymous_11)","decl":{"start":{"line":125,"column":51},"end":{"line":125,"column":52}},"loc":{"start":{"line":125,"column":69},"end":{"line":127,"column":3}},"line":125},"12":{"name":"findMatchingKey","decl":{"start":{"line":133,"column":46},"end":{"line":133,"column":61}},"loc":{"start":{"line":133,"column":80},"end":{"line":142,"column":1}},"line":133},"13":{"name":"(anonymous_13)","decl":{"start":{"line":135,"column":23},"end":{"line":135,"column":24}},"loc":{"start":{"line":135,"column":30},"end":{"line":140,"column":3}},"line":135},"14":{"name":"findByMailOrName","decl":{"start":{"line":144,"column":47},"end":{"line":144,"column":63}},"loc":{"start":{"line":144,"column":71},"end":{"line":153,"column":1}},"line":144}},"branchMap":{"0":{"loc":{"start":{"line":78,"column":2},"end":{"line":78,"column":54}},"type":"if","locations":[{"start":{"line":78,"column":2},"end":{"line":78,"column":54}},{"start":{"line":78,"column":2},"end":{"line":78,"column":54}}],"line":78},"1":{"loc":{"start":{"line":80,"column":4},"end":{"line":80,"column":34}},"type":"if","locations":[{"start":{"line":80,"column":4},"end":{"line":80,"column":34}},{"start":{"line":80,"column":4},"end":{"line":80,"column":34}}],"line":80},"2":{"loc":{"start":{"line":82,"column":6},"end":{"line":82,"column":46}},"type":"if","locations":[{"start":{"line":82,"column":6},"end":{"line":82,"column":46}},{"start":{"line":82,"column":6},"end":{"line":82,"column":46}}],"line":82},"3":{"loc":{"start":{"line":94,"column":2},"end":{"line":94,"column":53}},"type":"if","locations":[{"start":{"line":94,"column":2},"end":{"line":94,"column":53}},{"start":{"line":94,"column":2},"end":{"line":94,"column":53}}],"line":94},"4":{"loc":{"start":{"line":97,"column":4},"end":{"line":107,"column":5}},"type":"if","locations":[{"start":{"line":97,"column":4},"end":{"line":107,"column":5}},{"start":{"line":97,"column":4},"end":{"line":107,"column":5}}],"line":97},"5":{"loc":{"start":{"line":100,"column":8},"end":{"line":100,"column":38}},"type":"if","locations":[{"start":{"line":100,"column":8},"end":{"line":100,"column":38}},{"start":{"line":100,"column":8},"end":{"line":100,"column":38}}],"line":100},"6":{"loc":{"start":{"line":102,"column":10},"end":{"line":102,"column":50}},"type":"if","locations":[{"start":{"line":102,"column":10},"end":{"line":102,"column":50}},{"start":{"line":102,"column":10},"end":{"line":102,"column":50}}],"line":102},"7":{"loc":{"start":{"line":109,"column":2},"end":{"line":109,"column":29}},"type":"if","locations":[{"start":{"line":109,"column":2},"end":{"line":109,"column":29}},{"start":{"line":109,"column":2},"end":{"line":109,"column":29}}],"line":109},"8":{"loc":{"start":{"line":136,"column":4},"end":{"line":139,"column":5}},"type":"if","locations":[{"start":{"line":136,"column":4},"end":{"line":139,"column":5}},{"start":{"line":136,"column":4},"end":{"line":139,"column":5}}],"line":136},"9":{"loc":{"start":{"line":141,"column":2},"end":{"line":141,"column":65}},"type":"if","locations":[{"start":{"line":141,"column":2},"end":{"line":141,"column":65}},{"start":{"line":141,"column":2},"end":{"line":141,"column":65}}],"line":141}},"s":{"0":6,"1":6,"2":6,"3":6,"4":6,"5":3,"6":1,"7":6,"8":6,"9":6,"10":6,"11":0,"12":0,"13":0,"14":0,"15":0,"16":0,"17":0,"18":0,"19":0,"20":0,"21":0,"22":6,"23":0,"24":0,"25":0,"26":0,"27":0,"28":0,"29":0,"30":0,"31":0,"32":0,"33":0,"34":0,"35":0,"36":0,"37":0,"38":0,"39":0,"40":6,"41":0,"42":6,"43":6,"44":0,"45":0,"46":6,"47":0,"48":0,"49":0,"50":0,"51":0,"52":0,"53":0,"54":6,"55":0,"56":0,"57":6},"f":{"0":3,"1":1,"2":0,"3":0,"4":0,"5":0,"6":0,"7":0,"8":0,"9":0,"10":0,"11":0,"12":0,"13":0,"14":0},"b":{"0":[0,0],"1":[0,0],"2":[0,0],"3":[0,0],"4":[0,0],"5":[0,0],"6":[0,0],"7":[0,0],"8":[0,0],"9":[0,0]},"_coverageSchema":"43e27e138ebf9cfc5966b082cf9a028302ed4184","hash":"dfccfda5673ec84b34281c5dc469bf8d7f8fdf70"}
,"/home/lalis/git/p5.js-web-editor/server/utils/createApplicationErrorClass.js": {"path":"/home/lalis/git/p5.js-web-editor/server/utils/createApplicationErrorClass.js","statementMap":{"0":{"start":{"line":7,"column":4},"end":{"line":7,"column":12}},"1":{"start":{"line":8,"column":4},"end":{"line":10,"column":5}},"2":{"start":{"line":9,"column":6},"end":{"line":9,"column":54}},"3":{"start":{"line":11,"column":4},"end":{"line":11,"column":35}},"4":{"start":{"line":12,"column":4},"end":{"line":12,"column":27}},"5":{"start":{"line":13,"column":4},"end":{"line":13,"column":27}},"6":{"start":{"line":26,"column":2},"end":{"line":32,"column":4}},"7":{"start":{"line":28,"column":6},"end":{"line":28,"column":23}},"8":{"start":{"line":30,"column":6},"end":{"line":30,"column":23}}},"fnMap":{"0":{"name":"(anonymous_0)","decl":{"start":{"line":6,"column":2},"end":{"line":6,"column":3}},"loc":{"start":{"line":6,"column":35},"end":{"line":14,"column":3}},"line":6},"1":{"name":"createApplicationErrorClass","decl":{"start":{"line":25,"column":24},"end":{"line":25,"column":51}},"loc":{"start":{"line":25,"column":58},"end":{"line":33,"column":1}},"line":25},"2":{"name":"(anonymous_2)","decl":{"start":{"line":27,"column":4},"end":{"line":27,"column":5}},"loc":{"start":{"line":27,"column":27},"end":{"line":31,"column":5}},"line":27}},"branchMap":{"0":{"loc":{"start":{"line":6,"column":23},"end":{"line":6,"column":33}},"type":"default-arg","locations":[{"start":{"line":6,"column":31},"end":{"line":6,"column":33}}],"line":6},"1":{"loc":{"start":{"line":8,"column":4},"end":{"line":10,"column":5}},"type":"if","locations":[{"start":{"line":8,"column":4},"end":{"line":10,"column":5}},{"start":{"line":8,"column":4},"end":{"line":10,"column":5}}],"line":8}},"s":{"0":13,"1":13,"2":13,"3":13,"4":13,"5":13,"6":8,"7":13,"8":13},"f":{"0":13,"1":8,"2":13},"b":{"0":[11],"1":[13,0]},"_coverageSchema":"43e27e138ebf9cfc5966b082cf9a028302ed4184","hash":"61df09b30b7047349005d720c6c5f46259c177cd"}
,"/home/lalis/git/p5.js-web-editor/server/utils/createId.js": {"path":"/home/lalis/git/p5.js-web-editor/server/utils/createId.js","statementMap":{"0":{"start":{"line":7,"column":2},"end":{"line":7,"column":34}}},"fnMap":{"0":{"name":"createId","decl":{"start":{"line":6,"column":24},"end":{"line":6,"column":32}},"loc":{"start":{"line":6,"column":35},"end":{"line":8,"column":1}},"line":6}},"branchMap":{},"s":{"0":10},"f":{"0":10},"b":{},"_coverageSchema":"43e27e138ebf9cfc5966b082cf9a028302ed4184","hash":"14c82f86e79ec993f102c8ec157621d1bced9eab"}
}
