TN:
SF:/home/lalis/git/p5.js-web-editor/client/constants.js
FNF:0
FNH:0
DA:3,2
DA:4,2
DA:6,2
DA:7,2
DA:9,2
DA:10,2
DA:12,2
DA:13,2
DA:14,2
DA:15,2
DA:17,2
DA:18,2
DA:19,2
DA:21,2
DA:23,2
DA:24,2
DA:26,2
DA:27,2
DA:29,2
DA:30,2
DA:31,2
DA:32,2
DA:33,2
DA:34,2
DA:36,2
DA:37,2
DA:39,2
DA:40,2
DA:41,2
DA:43,2
DA:44,2
DA:45,2
DA:47,2
DA:49,2
DA:50,2
DA:51,2
DA:52,2
DA:53,2
DA:55,2
DA:56,2
DA:58,2
DA:59,2
DA:60,2
DA:61,2
DA:63,2
DA:64,2
DA:66,2
DA:67,2
DA:69,2
DA:70,2
DA:71,2
DA:72,2
DA:73,2
DA:74,2
DA:75,2
DA:77,2
DA:78,2
DA:79,2
DA:80,2
DA:81,2
DA:82,2
DA:83,2
DA:84,2
DA:86,2
DA:87,2
DA:88,2
DA:89,2
DA:90,2
DA:91,2
DA:92,2
DA:93,2
DA:94,2
DA:95,2
DA:97,2
DA:98,2
DA:99,2
DA:100,2
DA:102,2
DA:103,2
DA:105,2
DA:106,2
DA:107,2
DA:109,2
DA:110,2
DA:111,2
DA:112,2
DA:115,2
DA:117,2
DA:118,2
DA:120,2
DA:121,2
DA:122,2
DA:123,2
DA:124,2
DA:126,2
DA:127,2
DA:129,2
DA:130,2
DA:131,2
DA:132,2
DA:134,2
DA:135,2
DA:136,2
DA:137,2
DA:138,2
DA:140,2
DA:141,2
DA:143,2
DA:144,2
LF:109
LH:109
BRF:0
BRH:0
end_of_record
TN:
SF:/home/lalis/git/p5.js-web-editor/client/persistState.js
FN:8,(anonymous_0)
FN:16,(anonymous_1)
FN:25,(anonymous_2)
FNF:3
FNH:0
FNDA:0,(anonymous_0)
FNDA:0,(anonymous_1)
FNDA:0,(anonymous_2)
DA:5,2
DA:6,2
DA:8,2
DA:9,0
DA:10,0
DA:12,0
DA:16,2
DA:17,0
DA:18,0
DA:20,0
DA:21,0
DA:25,2
DA:26,0
LF:13
LH:5
BRF:0
BRH:0
end_of_record
TN:
SF:/home/lalis/git/p5.js-web-editor/client/__test__/mocks/fileMock.js
FNF:0
FNH:0
DA:1,2
LF:1
LH:1
BRF:0
BRH:0
end_of_record
TN:
SF:/home/lalis/git/p5.js-web-editor/client/components/Nav.jsx
FN:23,(anonymous_0)
FN:63,(anonymous_1)
FN:67,(anonymous_2)
FN:72,(anonymous_3)
FN:78,(anonymous_4)
FN:84,(anonymous_5)
FN:95,(anonymous_6)
FN:109,(anonymous_7)
FN:118,(anonymous_8)
FN:123,(anonymous_9)
FN:128,(anonymous_10)
FN:133,(anonymous_11)
FN:138,(anonymous_12)
FN:143,(anonymous_13)
FN:148,(anonymous_14)
FN:153,(anonymous_15)
FN:158,(anonymous_16)
FN:163,(anonymous_17)
FN:168,(anonymous_18)
FN:173,(anonymous_19)
FN:179,(anonymous_20)
FN:184,(anonymous_21)
FN:190,(anonymous_22)
FN:196,(anonymous_23)
FN:208,(anonymous_24)
FN:212,(anonymous_25)
FN:217,(anonymous_26)
FN:224,(anonymous_27)
FN:228,(anonymous_28)
FN:246,(anonymous_29)
FN:257,(anonymous_30)
FN:359,(anonymous_31)
FN:371,(anonymous_32)
FN:419,(anonymous_33)
FN:494,(anonymous_34)
FN:540,(anonymous_35)
FN:558,(anonymous_36)
FN:571,(anonymous_37)
FN:638,(anonymous_38)
FN:651,(anonymous_39)
FN:661,(anonymous_40)
FN:686,(anonymous_41)
FN:764,mapStateToProps
FN:769,(anonymous_43)
FNF:44
FNH:7
FNDA:2,(anonymous_0)
FNDA:2,(anonymous_1)
FNDA:0,(anonymous_2)
FNDA:0,(anonymous_3)
FNDA:0,(anonymous_4)
FNDA:0,(anonymous_5)
FNDA:0,(anonymous_6)
FNDA:0,(anonymous_7)
FNDA:0,(anonymous_8)
FNDA:0,(anonymous_9)
FNDA:0,(anonymous_10)
FNDA:0,(anonymous_11)
FNDA:0,(anonymous_12)
FNDA:0,(anonymous_13)
FNDA:0,(anonymous_14)
FNDA:0,(anonymous_15)
FNDA:0,(anonymous_16)
FNDA:0,(anonymous_17)
FNDA:0,(anonymous_18)
FNDA:0,(anonymous_19)
FNDA:0,(anonymous_20)
FNDA:0,(anonymous_21)
FNDA:0,(anonymous_22)
FNDA:0,(anonymous_23)
FNDA:0,(anonymous_24)
FNDA:0,(anonymous_25)
FNDA:0,(anonymous_26)
FNDA:0,(anonymous_27)
FNDA:0,(anonymous_28)
FNDA:2,(anonymous_29)
FNDA:0,(anonymous_30)
FNDA:0,(anonymous_31)
FNDA:0,(anonymous_32)
FNDA:0,(anonymous_33)
FNDA:0,(anonymous_34)
FNDA:0,(anonymous_35)
FNDA:0,(anonymous_36)
FNDA:0,(anonymous_37)
FNDA:2,(anonymous_38)
FNDA:2,(anonymous_39)
FNDA:2,(anonymous_40)
FNDA:1,(anonymous_41)
FNDA:0,mapStateToProps
FNDA:0,(anonymous_43)
DA:17,1
DA:18,1
DA:20,1
DA:24,2
DA:25,2
DA:28,2
DA:29,2
DA:30,2
DA:31,2
DA:32,2
DA:33,2
DA:34,2
DA:35,2
DA:36,2
DA:37,2
DA:38,2
DA:39,2
DA:40,2
DA:41,2
DA:42,2
DA:43,2
DA:44,2
DA:45,2
DA:46,2
DA:47,2
DA:48,2
DA:49,2
DA:50,2
DA:51,2
DA:52,2
DA:53,2
DA:54,2
DA:55,2
DA:56,2
DA:57,2
DA:58,2
DA:59,2
DA:60,2
DA:64,2
DA:65,2
DA:68,0
DA:69,0
DA:73,0
DA:79,0
DA:80,0
DA:85,0
DA:86,0
DA:88,0
DA:89,0
DA:92,0
DA:96,0
DA:97,0
DA:98,0
DA:99,0
DA:100,0
DA:101,0
DA:102,0
DA:103,0
DA:104,0
DA:106,0
DA:110,0
DA:111,0
DA:113,0
DA:115,0
DA:119,0
DA:120,0
DA:124,0
DA:125,0
DA:129,0
DA:130,0
DA:134,0
DA:135,0
DA:139,0
DA:140,0
DA:144,0
DA:145,0
DA:149,0
DA:150,0
DA:154,0
DA:155,0
DA:159,0
DA:160,0
DA:164,0
DA:165,0
DA:169,0
DA:170,0
DA:174,0
DA:175,0
DA:176,0
DA:180,0
DA:181,0
DA:185,0
DA:186,0
DA:187,0
DA:191,0
DA:197,0
DA:198,0
DA:202,0
DA:209,0
DA:213,0
DA:214,0
DA:218,0
DA:219,0
DA:220,0
DA:225,0
DA:229,0
DA:247,2
DA:258,0
DA:259,0
DA:360,0
DA:361,0
DA:372,0
DA:373,0
DA:420,0
DA:421,0
DA:495,0
DA:496,0
DA:541,0
DA:559,0
DA:572,0
DA:573,0
DA:639,2
DA:640,2
DA:642,2
DA:643,0
DA:644,2
DA:645,0
DA:648,2
DA:652,2
DA:654,0
DA:657,2
DA:662,2
DA:685,2
DA:686,1
DA:705,1
DA:751,1
DA:765,0
DA:769,0
DA:773,1
LF:139
LH:54
BRDA:20,0,0,1
BRDA:20,0,1,0
BRDA:79,1,0,0
BRDA:79,1,1,0
BRDA:85,2,0,0
BRDA:85,2,1,0
BRDA:88,3,0,0
BRDA:88,3,1,0
BRDA:88,4,0,0
BRDA:88,4,1,0
BRDA:97,5,0,0
BRDA:97,5,1,0
BRDA:101,6,0,0
BRDA:101,6,1,0
BRDA:101,7,0,0
BRDA:101,7,1,0
BRDA:110,8,0,0
BRDA:110,8,1,0
BRDA:197,9,0,0
BRDA:197,9,1,0
BRDA:209,10,0,0
BRDA:209,10,1,0
BRDA:218,11,0,0
BRDA:218,11,1,0
BRDA:258,12,0,0
BRDA:258,12,1,0
BRDA:276,13,0,2
BRDA:276,13,1,0
BRDA:276,13,2,0
BRDA:276,13,3,0
BRDA:287,14,0,2
BRDA:287,14,1,2
BRDA:287,14,2,2
BRDA:297,15,0,2
BRDA:297,15,1,2
BRDA:307,16,0,2
BRDA:307,16,1,2
BRDA:317,17,0,2
BRDA:317,17,1,2
BRDA:328,18,0,2
BRDA:328,18,1,0
BRDA:328,18,2,0
BRDA:328,18,3,0
BRDA:341,19,0,2
BRDA:341,19,1,0
BRDA:360,20,0,0
BRDA:360,20,1,0
BRDA:420,21,0,0
BRDA:420,21,1,0
BRDA:495,22,0,0
BRDA:495,22,1,0
BRDA:572,23,0,0
BRDA:572,23,1,0
BRDA:591,24,0,0
BRDA:591,24,1,0
BRDA:642,25,0,0
BRDA:642,25,1,2
BRDA:642,26,0,2
BRDA:642,26,1,0
BRDA:644,27,0,0
BRDA:644,27,1,2
BRDA:644,28,0,2
BRDA:644,28,1,0
BRDA:652,29,0,0
BRDA:652,29,1,2
BRDA:652,29,2,2
BRF:66
BRH:19
end_of_record
TN:
SF:/home/lalis/git/p5.js-web-editor/client/modules/IDE/actions/console.js
FN:3,clearConsole
FN:9,dispatchConsoleEvent
FNF:2
FNH:0
FNDA:0,clearConsole
FNDA:0,dispatchConsoleEvent
DA:4,0
DA:10,0
LF:2
LH:0
BRF:0
BRH:0
end_of_record
TN:
SF:/home/lalis/git/p5.js-web-editor/client/modules/IDE/actions/files.js
FN:12,appendToFilename
FN:18,createUniqueName
FN:19,(anonymous_2)
FN:20,(anonymous_3)
FN:20,(anonymous_4)
FN:23,(anonymous_5)
FN:28,(anonymous_6)
FN:33,updateFileContent
FN:41,createFile
FN:42,(anonymous_9)
FN:54,(anonymous_10)
FN:68,(anonymous_11)
FN:94,createFolder
FN:95,(anonymous_13)
FN:107,(anonymous_14)
FN:116,(anonymous_15)
FN:138,updateFileName
FN:139,(anonymous_17)
FN:149,deleteFile
FN:150,(anonymous_19)
FN:159,(anonymous_20)
FN:166,(anonymous_21)
FN:182,showFolderChildren
FN:189,hideFolderChildren
FN:196,setBlobUrl
FN:204,getBlobUrl
FNF:26
FNH:0
FNDA:0,appendToFilename
FNDA:0,createUniqueName
FNDA:0,(anonymous_2)
FNDA:0,(anonymous_3)
FNDA:0,(anonymous_4)
FNDA:0,(anonymous_5)
FNDA:0,(anonymous_6)
FNDA:0,updateFileContent
FNDA:0,createFile
FNDA:0,(anonymous_9)
FNDA:0,(anonymous_10)
FNDA:0,(anonymous_11)
FNDA:0,createFolder
FNDA:0,(anonymous_13)
FNDA:0,(anonymous_14)
FNDA:0,(anonymous_15)
FNDA:0,updateFileName
FNDA:0,(anonymous_17)
FNDA:0,deleteFile
FNDA:0,(anonymous_19)
FNDA:0,(anonymous_20)
FNDA:0,(anonymous_21)
FNDA:0,showFolderChildren
FNDA:0,hideFolderChildren
FNDA:0,setBlobUrl
FNDA:0,getBlobUrl
DA:9,1
DA:10,1
DA:13,0
DA:14,0
DA:15,0
DA:19,0
DA:20,0
DA:21,0
DA:22,0
DA:23,0
DA:25,0
DA:26,0
DA:27,0
DA:28,0
DA:30,0
DA:34,0
DA:42,0
DA:43,0
DA:44,0
DA:45,0
DA:46,0
DA:53,0
DA:55,0
DA:60,0
DA:61,0
DA:62,0
DA:66,0
DA:68,0
DA:73,0
DA:74,0
DA:84,0
DA:88,0
DA:89,0
DA:95,0
DA:96,0
DA:97,0
DA:98,0
DA:99,0
DA:106,0
DA:108,0
DA:113,0
DA:114,0
DA:116,0
DA:121,0
DA:122,0
DA:133,0
DA:139,0
DA:140,0
DA:141,0
DA:150,0
DA:151,0
DA:152,0
DA:153,0
DA:158,0
DA:160,0
DA:167,0
DA:173,0
DA:183,0
DA:190,0
DA:197,0
DA:205,0
DA:206,0
DA:209,0
DA:210,0
DA:211,0
LF:65
LH:2
BRDA:9,0,0,1
BRDA:9,0,1,0
BRDA:14,1,0,0
BRDA:14,1,1,0
BRDA:45,2,0,0
BRDA:45,2,1,0
BRDA:49,3,0,0
BRDA:49,3,1,0
BRDA:80,4,0,0
BRDA:80,4,1,0
BRDA:98,5,0,0
BRDA:98,5,1,0
BRDA:152,6,0,0
BRDA:152,6,1,0
BRDA:205,7,0,0
BRDA:205,7,1,0
BRF:16
BRH:1
end_of_record
TN:
SF:/home/lalis/git/p5.js-web-editor/client/modules/IDE/actions/ide.js
FN:4,startVisualSketch
FN:10,stopVisualSketch
FN:16,startRefreshSketch
FN:22,startSketchAndRefresh
FN:23,(anonymous_4)
FN:29,endSketchRefresh
FN:35,startAccessibleOutput
FN:41,stopAccessibleOutput
FN:47,setSelectedFile
FN:54,resetSelectedFile
FN:55,(anonymous_10)
FN:57,(anonymous_11)
FN:65,newFile
FN:72,closeNewFileModal
FN:78,openUploadFileModal
FN:85,closeUploadFileModal
FN:91,expandSidebar
FN:97,collapseSidebar
FN:103,expandConsole
FN:109,collapseConsole
FN:115,openPreferences
FN:121,closePreferences
FN:127,openProjectOptions
FN:133,closeProjectOptions
FN:139,newFolder
FN:146,closeNewFolderModal
FN:152,showShareModal
FN:153,(anonymous_27)
FN:166,closeShareModal
FN:172,showEditorOptions
FN:178,closeEditorOptions
FN:184,showKeyboardShortcutModal
FN:190,closeKeyboardShortcutModal
FN:196,setUnsavedChanges
FN:203,detectInfiniteLoops
FN:210,resetInfiniteLoops
FN:216,justOpenedProject
FN:222,resetJustOpenedProject
FN:228,setPreviousPath
FN:235,showErrorModal
FN:242,hideErrorModal
FN:248,hideRuntimeErrorWarning
FN:254,showRuntimeErrorWarning
FN:260,startSketch
FN:261,(anonymous_44)
FN:267,startAccessibleSketch
FN:268,(anonymous_46)
FN:275,stopSketch
FN:276,(anonymous_48)
FNF:49
FNH:0
FNDA:0,startVisualSketch
FNDA:0,stopVisualSketch
FNDA:0,startRefreshSketch
FNDA:0,startSketchAndRefresh
FNDA:0,(anonymous_4)
FNDA:0,endSketchRefresh
FNDA:0,startAccessibleOutput
FNDA:0,stopAccessibleOutput
FNDA:0,setSelectedFile
FNDA:0,resetSelectedFile
FNDA:0,(anonymous_10)
FNDA:0,(anonymous_11)
FNDA:0,newFile
FNDA:0,closeNewFileModal
FNDA:0,openUploadFileModal
FNDA:0,closeUploadFileModal
FNDA:0,expandSidebar
FNDA:0,collapseSidebar
FNDA:0,expandConsole
FNDA:0,collapseConsole
FNDA:0,openPreferences
FNDA:0,closePreferences
FNDA:0,openProjectOptions
FNDA:0,closeProjectOptions
FNDA:0,newFolder
FNDA:0,closeNewFolderModal
FNDA:0,showShareModal
FNDA:0,(anonymous_27)
FNDA:0,closeShareModal
FNDA:0,showEditorOptions
FNDA:0,closeEditorOptions
FNDA:0,showKeyboardShortcutModal
FNDA:0,closeKeyboardShortcutModal
FNDA:0,setUnsavedChanges
FNDA:0,detectInfiniteLoops
FNDA:0,resetInfiniteLoops
FNDA:0,justOpenedProject
FNDA:0,resetJustOpenedProject
FNDA:0,setPreviousPath
FNDA:0,showErrorModal
FNDA:0,hideErrorModal
FNDA:0,hideRuntimeErrorWarning
FNDA:0,showRuntimeErrorWarning
FNDA:0,startSketch
FNDA:0,(anonymous_44)
FNDA:0,startAccessibleSketch
FNDA:0,(anonymous_46)
FNDA:0,stopSketch
FNDA:0,(anonymous_48)
DA:5,0
DA:11,0
DA:17,0
DA:23,0
DA:24,0
DA:25,0
DA:30,0
DA:36,0
DA:42,0
DA:48,0
DA:55,0
DA:56,0
DA:57,0
DA:58,0
DA:66,0
DA:73,0
DA:79,0
DA:86,0
DA:92,0
DA:98,0
DA:104,0
DA:110,0
DA:116,0
DA:122,0
DA:128,0
DA:134,0
DA:140,0
DA:147,0
DA:153,0
DA:154,0
DA:155,0
DA:167,0
DA:173,0
DA:179,0
DA:185,0
DA:191,0
DA:197,0
DA:204,0
DA:211,0
DA:217,0
DA:223,0
DA:229,0
DA:236,0
DA:243,0
DA:249,0
DA:255,0
DA:261,0
DA:262,0
DA:263,0
DA:268,0
DA:269,0
DA:270,0
DA:271,0
DA:276,0
DA:277,0
DA:278,0
LF:56
LH:0
BRDA:57,0,0,0
BRDA:57,0,1,0
BRDA:158,1,0,0
BRDA:158,1,1,0
BRDA:159,2,0,0
BRDA:159,2,1,0
BRDA:160,3,0,0
BRDA:160,3,1,0
BRF:8
BRH:0
end_of_record
TN:
SF:/home/lalis/git/p5.js-web-editor/client/modules/IDE/actions/preferences.js
FN:7,updatePreferences
FN:9,(anonymous_1)
FN:11,(anonymous_2)
FN:17,setFontSize
FN:18,(anonymous_4)
FN:35,setLineNumbers
FN:36,(anonymous_6)
FN:53,setAutosave
FN:54,(anonymous_8)
FN:71,setLinewrap
FN:72,(anonymous_10)
FN:89,setLintWarning
FN:90,(anonymous_12)
FN:107,setTextOutput
FN:108,(anonymous_14)
FN:125,setGridOutput
FN:126,(anonymous_16)
FN:143,setSoundOutput
FN:144,(anonymous_18)
FN:161,setTheme
FN:166,(anonymous_20)
FN:183,setAutorefresh
FN:188,(anonymous_22)
FN:205,setAllAccessibleOutput
FN:206,(anonymous_24)
FNF:25
FNH:0
FNDA:0,updatePreferences
FNDA:0,(anonymous_1)
FNDA:0,(anonymous_2)
FNDA:0,setFontSize
FNDA:0,(anonymous_4)
FNDA:0,setLineNumbers
FNDA:0,(anonymous_6)
FNDA:0,setAutosave
FNDA:0,(anonymous_8)
FNDA:0,setLinewrap
FNDA:0,(anonymous_10)
FNDA:0,setLintWarning
FNDA:0,(anonymous_12)
FNDA:0,setTextOutput
FNDA:0,(anonymous_14)
FNDA:0,setGridOutput
FNDA:0,(anonymous_16)
FNDA:0,setSoundOutput
FNDA:0,(anonymous_18)
FNDA:0,setTheme
FNDA:0,(anonymous_20)
FNDA:0,setAutorefresh
FNDA:0,(anonymous_22)
FNDA:0,setAllAccessibleOutput
FNDA:0,(anonymous_24)
DA:4,1
DA:5,1
DA:8,0
DA:11,0
DA:18,0
DA:19,0
DA:23,0
DA:24,0
DA:25,0
DA:30,0
DA:36,0
DA:37,0
DA:41,0
DA:42,0
DA:43,0
DA:48,0
DA:54,0
DA:55,0
DA:59,0
DA:60,0
DA:61,0
DA:66,0
DA:72,0
DA:73,0
DA:77,0
DA:78,0
DA:79,0
DA:84,0
DA:90,0
DA:91,0
DA:95,0
DA:96,0
DA:97,0
DA:102,0
DA:108,0
DA:109,0
DA:113,0
DA:114,0
DA:115,0
DA:120,0
DA:126,0
DA:127,0
DA:131,0
DA:132,0
DA:133,0
DA:138,0
DA:144,0
DA:145,0
DA:149,0
DA:150,0
DA:151,0
DA:156,0
DA:166,0
DA:167,0
DA:171,0
DA:172,0
DA:173,0
DA:178,0
DA:188,0
DA:189,0
DA:193,0
DA:194,0
DA:195,0
DA:200,0
DA:206,0
DA:207,0
DA:208,0
DA:209,0
LF:68
LH:2
BRDA:4,0,0,1
BRDA:4,0,1,0
BRDA:24,1,0,0
BRDA:24,1,1,0
BRDA:42,2,0,0
BRDA:42,2,1,0
BRDA:60,3,0,0
BRDA:60,3,1,0
BRDA:78,4,0,0
BRDA:78,4,1,0
BRDA:96,5,0,0
BRDA:96,5,1,0
BRDA:114,6,0,0
BRDA:114,6,1,0
BRDA:132,7,0,0
BRDA:132,7,1,0
BRDA:150,8,0,0
BRDA:150,8,1,0
BRDA:172,9,0,0
BRDA:172,9,1,0
BRDA:194,10,0,0
BRDA:194,10,1,0
BRF:22
BRH:1
end_of_record
TN:
SF:/home/lalis/git/p5.js-web-editor/client/modules/IDE/actions/project.js
FN:20,setProject
FN:29,setProjectName
FN:36,projectSaveFail
FN:43,setNewProject
FN:52,getProject
FN:53,(anonymous_5)
FN:56,(anonymous_6)
FN:60,(anonymous_7)
FN:67,persistState
FN:68,(anonymous_9)
FN:77,clearPersistedState
FN:78,(anonymous_11)
FN:86,startSavingProject
FN:92,endSavingProject
FN:98,projectSaveSuccess
FN:105,getSynchedProject
FN:108,(anonymous_16)
FN:109,(anonymous_17)
FN:124,saveProject
FN:125,(anonymous_19)
FN:138,(anonymous_20)
FN:143,(anonymous_21)
FN:156,(anonymous_22)
FN:164,(anonymous_23)
FN:177,(anonymous_24)
FN:195,(anonymous_25)
FN:203,(anonymous_26)
FN:214,autosaveProject
FN:215,(anonymous_28)
FN:220,exportProjectAsZip
FN:225,resetProject
FN:231,newProject
FN:232,(anonymous_32)
FN:238,generateNewIdsForChildren
FN:240,(anonymous_34)
FN:241,(anonymous_35)
FN:251,cloneProject
FN:252,(anonymous_37)
FN:254,(anonymous_38)
FN:259,(anonymous_39)
FN:260,(anonymous_40)
FN:267,(anonymous_41)
FN:268,(anonymous_42)
FN:273,(anonymous_43)
FN:280,(anonymous_44)
FN:286,(anonymous_45)
FN:293,(anonymous_46)
FN:297,(anonymous_47)
FN:301,(anonymous_48)
FN:310,showEditProjectName
FN:316,hideEditProjectName
FN:322,setProjectSavedTime
FN:329,changeProjectName
FN:330,(anonymous_53)
FN:333,(anonymous_54)
FN:347,(anonymous_55)
FN:357,deleteProject
FN:358,(anonymous_57)
FN:360,(anonymous_58)
FN:371,(anonymous_59)
FNF:60
FNH:0
FNDA:0,setProject
FNDA:0,setProjectName
FNDA:0,projectSaveFail
FNDA:0,setNewProject
FNDA:0,getProject
FNDA:0,(anonymous_5)
FNDA:0,(anonymous_6)
FNDA:0,(anonymous_7)
FNDA:0,persistState
FNDA:0,(anonymous_9)
FNDA:0,clearPersistedState
FNDA:0,(anonymous_11)
FNDA:0,startSavingProject
FNDA:0,endSavingProject
FNDA:0,projectSaveSuccess
FNDA:0,getSynchedProject
FNDA:0,(anonymous_16)
FNDA:0,(anonymous_17)
FNDA:0,saveProject
FNDA:0,(anonymous_19)
FNDA:0,(anonymous_20)
FNDA:0,(anonymous_21)
FNDA:0,(anonymous_22)
FNDA:0,(anonymous_23)
FNDA:0,(anonymous_24)
FNDA:0,(anonymous_25)
FNDA:0,(anonymous_26)
FNDA:0,autosaveProject
FNDA:0,(anonymous_28)
FNDA:0,exportProjectAsZip
FNDA:0,resetProject
FNDA:0,newProject
FNDA:0,(anonymous_32)
FNDA:0,generateNewIdsForChildren
FNDA:0,(anonymous_34)
FNDA:0,(anonymous_35)
FNDA:0,cloneProject
FNDA:0,(anonymous_37)
FNDA:0,(anonymous_38)
FNDA:0,(anonymous_39)
FNDA:0,(anonymous_40)
FNDA:0,(anonymous_41)
FNDA:0,(anonymous_42)
FNDA:0,(anonymous_43)
FNDA:0,(anonymous_44)
FNDA:0,(anonymous_45)
FNDA:0,(anonymous_46)
FNDA:0,(anonymous_47)
FNDA:0,(anonymous_48)
FNDA:0,showEditProjectName
FNDA:0,hideEditProjectName
FNDA:0,setProjectSavedTime
FNDA:0,changeProjectName
FNDA:0,(anonymous_53)
FNDA:0,(anonymous_54)
FNDA:0,(anonymous_55)
FNDA:0,deleteProject
FNDA:0,(anonymous_57)
FNDA:0,(anonymous_58)
FNDA:0,(anonymous_59)
DA:17,2
DA:18,2
DA:21,0
DA:30,0
DA:37,0
DA:44,0
DA:53,0
DA:54,0
DA:55,0
DA:57,0
DA:58,0
DA:60,0
DA:68,0
DA:69,0
DA:72,0
DA:73,0
DA:78,0
DA:79,0
DA:82,0
DA:87,0
DA:93,0
DA:99,0
DA:106,0
DA:107,0
DA:108,0
DA:109,0
DA:110,0
DA:111,0
DA:112,0
DA:114,0
DA:115,0
DA:116,0
DA:118,0
DA:125,0
DA:126,0
DA:127,0
DA:128,0
DA:130,0
DA:131,0
DA:132,0
DA:134,0
DA:135,0
DA:137,0
DA:138,0
DA:139,0
DA:141,0
DA:142,0
DA:144,0
DA:145,0
DA:146,0
DA:147,0
DA:148,0
DA:150,0
DA:151,0
DA:152,0
DA:153,0
DA:154,0
DA:155,0
DA:156,0
DA:157,0
DA:159,0
DA:160,0
DA:165,0
DA:166,0
DA:167,0
DA:168,0
DA:169,0
DA:171,0
DA:176,0
DA:178,0
DA:179,0
DA:180,0
DA:181,0
DA:182,0
DA:183,0
DA:184,0
DA:186,0
DA:187,0
DA:188,0
DA:190,0
DA:191,0
DA:192,0
DA:193,0
DA:194,0
DA:195,0
DA:196,0
DA:198,0
DA:199,0
DA:204,0
DA:205,0
DA:206,0
DA:208,0
DA:215,0
DA:216,0
DA:221,0
DA:222,0
DA:226,0
DA:232,0
DA:233,0
DA:235,0
DA:239,0
DA:240,0
DA:241,0
DA:242,0
DA:243,0
DA:244,0
DA:245,0
DA:246,0
DA:248,0
DA:252,0
DA:253,0
DA:254,0
DA:255,0
DA:256,0
DA:258,0
DA:259,0
DA:260,0
DA:268,0
DA:269,0
DA:273,0
DA:274,0
DA:275,0
DA:276,0
DA:277,0
DA:280,0
DA:281,0
DA:282,0
DA:285,0
DA:287,0
DA:288,0
DA:291,0
DA:295,0
DA:296,0
DA:298,0
DA:299,0
DA:301,0
DA:311,0
DA:317,0
DA:323,0
DA:330,0
DA:331,0
DA:332,0
DA:334,0
DA:335,0
DA:339,0
DA:340,0
DA:348,0
DA:349,0
DA:358,0
DA:359,0
DA:361,0
DA:362,0
DA:363,0
DA:364,0
DA:366,0
DA:372,0
DA:373,0
DA:375,0
LF:158
LH:2
BRDA:17,0,0,2
BRDA:17,0,1,0
BRDA:110,1,0,0
BRDA:110,1,1,0
BRDA:114,2,0,0
BRDA:114,2,1,0
BRDA:124,3,0,0
BRDA:124,4,0,0
BRDA:127,5,0,0
BRDA:127,5,1,0
BRDA:131,6,0,0
BRDA:131,6,1,0
BRDA:131,7,0,0
BRDA:131,7,1,0
BRDA:131,7,2,0
BRDA:137,8,0,0
BRDA:137,8,1,0
BRDA:141,9,0,0
BRDA:141,9,1,0
BRDA:147,10,0,0
BRDA:147,10,1,0
BRDA:152,11,0,0
BRDA:152,11,1,0
BRDA:153,12,0,0
BRDA:153,12,1,0
BRDA:153,13,0,0
BRDA:153,13,1,0
BRDA:166,14,0,0
BRDA:166,14,1,0
BRDA:168,15,0,0
BRDA:168,15,1,0
BRDA:180,16,0,0
BRDA:180,16,1,0
BRDA:191,17,0,0
BRDA:191,17,1,0
BRDA:192,18,0,0
BRDA:192,18,1,0
BRDA:205,19,0,0
BRDA:205,19,1,0
BRDA:255,20,0,0
BRDA:255,20,1,0
BRDA:281,21,0,0
BRDA:281,21,1,0
BRDA:281,22,0,0
BRDA:281,22,1,0
BRDA:334,23,0,0
BRDA:334,23,1,0
BRDA:339,24,0,0
BRDA:339,24,1,0
BRDA:362,25,0,0
BRDA:362,25,1,0
BRDA:372,26,0,0
BRDA:372,26,1,0
BRF:53
BRH:1
end_of_record
TN:
SF:/home/lalis/git/p5.js-web-editor/client/modules/IDE/actions/toast.js
FN:3,hideToast
FN:9,showToast
FN:10,(anonymous_2)
FN:14,(anonymous_3)
FN:18,setToastText
FNF:5
FNH:0
FNDA:0,hideToast
FNDA:0,showToast
FNDA:0,(anonymous_2)
FNDA:0,(anonymous_3)
FNDA:0,setToastText
DA:4,0
DA:10,0
DA:11,0
DA:14,0
DA:19,0
LF:5
LH:0
BRF:0
BRH:0
end_of_record
TN:
SF:/home/lalis/git/p5.js-web-editor/client/modules/IDE/components/FileNode.jsx
FN:16,(anonymous_0)
FN:38,(anonymous_1)
FN:42,(anonymous_2)
FN:44,(anonymous_3)
FN:51,(anonymous_4)
FN:55,(anonymous_5)
FN:64,(anonymous_6)
FN:71,(anonymous_7)
FN:76,(anonymous_8)
FN:82,(anonymous_9)
FN:98,(anonymous_10)
FN:111,(anonymous_11)
FN:115,(anonymous_12)
FN:119,(anonymous_13)
FN:123,(anonymous_14)
FN:131,(anonymous_15)
FN:143,(anonymous_16)
FN:148,(anonymous_17)
FN:160,(anonymous_18)
FN:166,(anonymous_19)
FN:180,(anonymous_20)
FN:181,(anonymous_21)
FN:190,(anonymous_22)
FN:200,(anonymous_23)
FN:206,(anonymous_24)
FN:208,(anonymous_25)
FN:220,(anonymous_26)
FN:226,(anonymous_27)
FN:228,(anonymous_28)
FN:242,(anonymous_29)
FN:245,(anonymous_30)
FN:246,(anonymous_31)
FN:257,(anonymous_32)
FN:261,(anonymous_33)
FN:277,(anonymous_34)
FN:316,mapStateToProps
FN:318,(anonymous_36)
FN:321,mapDispatchToProps
FNF:38
FNH:15
FNDA:3,(anonymous_0)
FNDA:0,(anonymous_1)
FNDA:0,(anonymous_2)
FNDA:0,(anonymous_3)
FNDA:71,(anonymous_4)
FNDA:1,(anonymous_5)
FNDA:0,(anonymous_6)
FNDA:2,(anonymous_7)
FNDA:0,(anonymous_8)
FNDA:2,(anonymous_9)
FNDA:0,(anonymous_10)
FNDA:0,(anonymous_11)
FNDA:2,(anonymous_12)
FNDA:2,(anonymous_13)
FNDA:0,(anonymous_14)
FNDA:13,(anonymous_15)
FNDA:13,(anonymous_16)
FNDA:13,(anonymous_17)
FNDA:0,(anonymous_18)
FNDA:0,(anonymous_19)
FNDA:0,(anonymous_20)
FNDA:2,(anonymous_21)
FNDA:0,(anonymous_22)
FNDA:13,(anonymous_23)
FNDA:0,(anonymous_24)
FNDA:0,(anonymous_25)
FNDA:13,(anonymous_26)
FNDA:0,(anonymous_27)
FNDA:0,(anonymous_28)
FNDA:2,(anonymous_29)
FNDA:0,(anonymous_30)
FNDA:0,(anonymous_31)
FNDA:0,(anonymous_32)
FNDA:0,(anonymous_33)
FNDA:13,(anonymous_34)
FNDA:0,mapStateToProps
FNDA:0,(anonymous_36)
FNDA:0,mapDispatchToProps
DA:10,1
DA:11,1
DA:12,1
DA:13,1
DA:17,3
DA:18,3
DA:19,3
DA:20,3
DA:21,3
DA:22,3
DA:23,3
DA:24,3
DA:25,3
DA:26,3
DA:27,3
DA:28,3
DA:30,3
DA:39,0
DA:43,0
DA:44,0
DA:45,0
DA:46,0
DA:52,71
DA:56,1
DA:57,1
DA:59,1
DA:60,1
DA:65,0
DA:66,0
DA:67,0
DA:72,2
DA:73,2
DA:77,0
DA:78,0
DA:83,2
DA:84,2
DA:85,2
DA:86,2
DA:87,2
DA:88,2
DA:89,2
DA:91,2
DA:92,2
DA:93,2
DA:94,1
DA:95,1
DA:99,0
DA:100,0
DA:101,0
DA:103,0
DA:104,0
DA:106,0
DA:107,0
DA:112,0
DA:116,2
DA:120,2
DA:124,0
DA:132,13
DA:141,13
DA:144,13
DA:145,13
DA:149,13
DA:150,0
DA:156,13
DA:160,0
DA:166,0
DA:180,0
DA:182,2
DA:183,2
DA:190,0
DA:201,13
DA:202,0
DA:207,0
DA:208,0
DA:221,13
DA:222,0
DA:227,0
DA:228,0
DA:243,2
DA:244,2
DA:245,2
DA:246,2
DA:258,0
DA:259,0
DA:260,0
DA:261,0
DA:278,13
DA:279,13
DA:291,1
DA:310,1
DA:318,0
DA:322,0
DA:325,1
LF:93
LH:57
BRDA:45,0,0,0
BRDA:45,0,1,0
BRDA:59,1,0,1
BRDA:59,1,1,0
BRDA:66,2,0,0
BRDA:66,2,1,0
BRDA:66,3,0,0
BRDA:66,3,1,0
BRDA:77,4,0,0
BRDA:77,4,1,0
BRDA:87,5,0,2
BRDA:87,5,1,2
BRDA:88,6,0,2
BRDA:88,6,1,0
BRDA:89,7,0,2
BRDA:89,7,1,2
BRDA:89,7,2,1
BRDA:92,8,0,2
BRDA:92,8,1,1
BRDA:93,9,0,1
BRDA:93,9,1,1
BRDA:93,10,0,2
BRDA:93,10,1,1
BRDA:93,10,2,1
BRDA:93,10,3,1
BRDA:93,10,4,1
BRDA:100,11,0,0
BRDA:100,11,1,0
BRDA:103,12,0,0
BRDA:103,12,1,0
BRDA:144,13,0,13
BRDA:144,13,1,0
BRDA:149,14,0,0
BRDA:149,14,1,13
BRDA:201,15,0,0
BRDA:201,15,1,13
BRDA:221,16,0,0
BRDA:221,16,1,13
BRDA:258,17,0,0
BRDA:258,17,1,0
BRDA:278,18,0,13
BRDA:278,18,1,0
BRDA:318,19,0,0
BRDA:318,19,1,0
BRF:44
BRH:21
end_of_record
TN:
SF:/home/lalis/git/p5.js-web-editor/client/modules/User/actions.js
FN:11,authError
FN:18,signUpUser
FN:19,(anonymous_2)
FN:21,(anonymous_3)
FN:29,(anonymous_4)
FN:33,loginUser
FN:37,loginUserSuccess
FN:44,loginUserFailure
FN:51,validateAndLoginUser
FN:52,(anonymous_9)
FN:54,(anonymous_10)
FN:67,(anonymous_11)
FN:72,getUser
FN:73,(anonymous_13)
FN:75,(anonymous_14)
FN:85,(anonymous_15)
FN:92,validateSession
FN:93,(anonymous_17)
FN:95,(anonymous_18)
FN:101,(anonymous_19)
FN:109,logoutUser
FN:110,(anonymous_21)
FN:112,(anonymous_22)
FN:117,(anonymous_23)
FN:121,initiateResetPassword
FN:122,(anonymous_25)
FN:127,(anonymous_26)
FN:130,(anonymous_27)
FN:137,initiateVerification
FN:138,(anonymous_29)
FN:143,(anonymous_30)
FN:146,(anonymous_31)
FN:153,verifyEmailConfirmation
FN:154,(anonymous_33)
FN:160,(anonymous_34)
FN:164,(anonymous_35)
FN:172,resetPasswordReset
FN:178,validateResetPasswordToken
FN:179,(anonymous_38)
FN:181,(anonymous_39)
FN:184,(anonymous_40)
FN:190,updatePassword
FN:191,(anonymous_42)
FN:193,(anonymous_43)
FN:197,(anonymous_44)
FN:203,updateSettingsSuccess
FN:210,updateSettings
FN:211,(anonymous_47)
FN:213,(anonymous_48)
FN:219,(anonymous_49)
FN:222,createApiKeySuccess
FN:229,createApiKey
FN:230,(anonymous_52)
FN:232,(anonymous_53)
FN:235,(anonymous_54)
FN:238,removeApiKey
FN:239,(anonymous_56)
FN:241,(anonymous_57)
FN:247,(anonymous_58)
FNF:59
FNH:0
FNDA:0,authError
FNDA:0,signUpUser
FNDA:0,(anonymous_2)
FNDA:0,(anonymous_3)
FNDA:0,(anonymous_4)
FNDA:0,loginUser
FNDA:0,loginUserSuccess
FNDA:0,loginUserFailure
FNDA:0,validateAndLoginUser
FNDA:0,(anonymous_9)
FNDA:0,(anonymous_10)
FNDA:0,(anonymous_11)
FNDA:0,getUser
FNDA:0,(anonymous_13)
FNDA:0,(anonymous_14)
FNDA:0,(anonymous_15)
FNDA:0,validateSession
FNDA:0,(anonymous_17)
FNDA:0,(anonymous_18)
FNDA:0,(anonymous_19)
FNDA:0,logoutUser
FNDA:0,(anonymous_21)
FNDA:0,(anonymous_22)
FNDA:0,(anonymous_23)
FNDA:0,initiateResetPassword
FNDA:0,(anonymous_25)
FNDA:0,(anonymous_26)
FNDA:0,(anonymous_27)
FNDA:0,initiateVerification
FNDA:0,(anonymous_29)
FNDA:0,(anonymous_30)
FNDA:0,(anonymous_31)
FNDA:0,verifyEmailConfirmation
FNDA:0,(anonymous_33)
FNDA:0,(anonymous_34)
FNDA:0,(anonymous_35)
FNDA:0,resetPasswordReset
FNDA:0,validateResetPasswordToken
FNDA:0,(anonymous_38)
FNDA:0,(anonymous_39)
FNDA:0,(anonymous_40)
FNDA:0,updatePassword
FNDA:0,(anonymous_42)
FNDA:0,(anonymous_43)
FNDA:0,(anonymous_44)
FNDA:0,updateSettingsSuccess
FNDA:0,updateSettings
FNDA:0,(anonymous_47)
FNDA:0,(anonymous_48)
FNDA:0,(anonymous_49)
FNDA:0,createApiKeySuccess
FNDA:0,createApiKey
FNDA:0,(anonymous_52)
FNDA:0,(anonymous_53)
FNDA:0,(anonymous_54)
FNDA:0,removeApiKey
FNDA:0,(anonymous_56)
FNDA:0,(anonymous_57)
FNDA:0,(anonymous_58)
DA:8,1
DA:9,1
DA:12,0
DA:19,0
DA:20,0
DA:22,0
DA:26,0
DA:27,0
DA:29,0
DA:34,0
DA:38,0
DA:45,0
DA:52,0
DA:53,0
DA:55,0
DA:59,0
DA:63,0
DA:64,0
DA:65,0
DA:68,0
DA:73,0
DA:74,0
DA:76,0
DA:80,0
DA:86,0
DA:87,0
DA:93,0
DA:94,0
DA:96,0
DA:97,0
DA:98,0
DA:102,0
DA:103,0
DA:110,0
DA:111,0
DA:113,0
DA:117,0
DA:122,0
DA:123,0
DA:126,0
DA:130,0
DA:138,0
DA:139,0
DA:142,0
DA:146,0
DA:154,0
DA:155,0
DA:159,0
DA:160,0
DA:164,0
DA:173,0
DA:179,0
DA:180,0
DA:184,0
DA:191,0
DA:192,0
DA:194,0
DA:195,0
DA:197,0
DA:204,0
DA:211,0
DA:212,0
DA:214,0
DA:215,0
DA:216,0
DA:217,0
DA:219,0
DA:223,0
DA:230,0
DA:231,0
DA:233,0
DA:235,0
DA:239,0
DA:240,0
DA:242,0
DA:247,0
LF:76
LH:2
BRDA:8,0,0,1
BRDA:8,0,1,0
BRDA:86,1,0,0
BRDA:86,1,1,0
BRDA:97,2,0,0
BRDA:97,2,1,0
BRDA:102,3,0,0
BRDA:102,3,1,0
BRF:8
BRH:1
end_of_record
TN:
SF:/home/lalis/git/p5.js-web-editor/client/utils/metaKey.js
FN:1,(anonymous_0)
FNF:1
FNH:1
FNDA:1,(anonymous_0)
DA:1,1
DA:2,1
DA:3,1
DA:8,0
DA:11,1
LF:5
LH:4
BRDA:2,0,0,1
BRDA:2,0,1,0
BRDA:2,1,0,1
BRDA:2,1,1,1
BRDA:3,2,0,0
BRDA:3,2,1,1
BRDA:11,3,0,0
BRDA:11,3,1,1
BRF:8
BRH:5
end_of_record
TN:
SF:/home/lalis/git/p5.js-web-editor/server/controllers/project.controller/createProject.js
FN:4,createProject
FN:11,sendFailure
FN:15,populateUserData
FN:19,(anonymous_3)
FN:36,apiCreateProject
FN:39,sendValidationErrors
FN:48,sendFailure
FN:52,handleErrors
FN:62,checkUserHasPermission
FN:78,(anonymous_9)
FN:81,(anonymous_10)
FNF:11
FNH:10
FNDA:4,createProject
FNDA:2,sendFailure
FNDA:3,populateUserData
FNDA:3,(anonymous_3)
FNDA:6,apiCreateProject
FNDA:5,sendValidationErrors
FNDA:0,sendFailure
FNDA:5,handleErrors
FNDA:7,checkUserHasPermission
FNDA:2,(anonymous_9)
FNDA:1,(anonymous_10)
DA:5,4
DA:9,4
DA:12,2
DA:16,3
DA:20,3
DA:21,1
DA:22,1
DA:24,2
DA:30,4
DA:37,6
DA:40,5
DA:49,0
DA:53,5
DA:54,3
DA:55,2
DA:56,2
DA:58,0
DA:63,7
DA:64,1
DA:65,1
DA:66,1
DA:68,1
DA:72,6
DA:73,6
DA:75,5
DA:77,2
DA:79,2
DA:80,1
DA:82,1
DA:86,1
DA:87,1
DA:89,1
DA:94,4
DA:95,4
LF:34
LH:32
BRDA:20,0,0,1
BRDA:20,0,1,2
BRDA:39,1,0,3
BRDA:53,2,0,3
BRDA:53,2,1,2
BRDA:55,3,0,2
BRDA:55,3,1,0
BRDA:63,4,0,1
BRDA:63,4,1,6
BRDA:79,5,0,1
BRDA:79,5,1,1
BRF:11
BRH:10
end_of_record
TN:
SF:/home/lalis/git/p5.js-web-editor/server/controllers/project.controller/deleteProject.js
FN:8,deleteFilesFromS3
FN:9,(anonymous_1)
FN:19,(anonymous_2)
FN:22,deleteProject
FN:23,sendFailure
FN:27,sendProjectNotFound
FN:31,handleProjectDeletion
FN:44,(anonymous_7)
FNF:8
FNH:6
FNDA:1,deleteFilesFromS3
FNDA:0,(anonymous_1)
FNDA:0,(anonymous_2)
FNDA:3,deleteProject
FNDA:2,sendFailure
FNDA:1,sendProjectNotFound
FNDA:3,handleProjectDeletion
FNDA:1,(anonymous_7)
DA:6,1
DA:9,1
DA:10,0
DA:11,0
DA:14,0
DA:17,0
DA:19,0
DA:24,2
DA:28,1
DA:32,3
DA:33,1
DA:34,1
DA:37,2
DA:38,1
DA:39,1
DA:42,1
DA:44,1
DA:45,1
DA:46,0
DA:47,0
DA:50,1
DA:54,3
LF:22
LH:15
BRDA:10,0,0,0
BRDA:10,0,1,0
BRDA:11,1,0,0
BRDA:11,1,1,0
BRDA:11,2,0,0
BRDA:11,2,1,0
BRDA:11,2,2,0
BRDA:32,3,0,1
BRDA:32,3,1,2
BRDA:37,4,0,1
BRDA:37,4,1,1
BRDA:45,5,0,0
BRDA:45,5,1,1
BRF:13
BRH:5
end_of_record
TN:
SF:/home/lalis/git/p5.js-web-editor/server/controllers/project.controller/getProjectsForUser.js
FN:8,getProjectsForUserName
FN:9,(anonymous_1)
FN:10,(anonymous_2)
FN:24,(anonymous_3)
FN:36,getProjectsForUser
FN:39,(anonymous_5)
FN:40,(anonymous_6)
FN:54,apiGetProjectsForUser
FN:57,(anonymous_8)
FN:58,(anonymous_9)
FN:61,(anonymous_10)
FNF:11
FNH:7
FNDA:4,getProjectsForUserName
FNDA:4,(anonymous_1)
FNDA:4,(anonymous_2)
FNDA:0,(anonymous_3)
FNDA:3,getProjectsForUser
FNDA:0,(anonymous_5)
FNDA:2,(anonymous_6)
FNDA:3,apiGetProjectsForUser
FNDA:0,(anonymous_8)
FNDA:0,(anonymous_9)
FNDA:2,(anonymous_10)
DA:6,1
DA:9,4
DA:10,4
DA:11,4
DA:12,2
DA:13,2
DA:16,2
DA:17,2
DA:18,2
DA:21,0
DA:25,0
DA:26,0
DA:27,0
DA:30,0
DA:37,3
DA:38,2
DA:39,0
DA:41,2
DA:42,1
DA:44,1
DA:50,1
DA:51,1
DA:55,3
DA:56,2
DA:58,0
DA:59,0
DA:62,2
DA:63,1
DA:65,1
DA:70,1
DA:71,1
LF:31
LH:23
BRDA:11,0,0,2
BRDA:11,0,1,2
BRDA:16,1,0,2
BRDA:16,1,1,0
BRDA:25,2,0,0
BRDA:25,2,1,0
BRDA:37,3,0,2
BRDA:37,3,1,1
BRDA:41,4,0,1
BRDA:41,4,1,1
BRDA:55,5,0,2
BRDA:55,5,1,1
BRDA:62,6,0,1
BRDA:62,6,1,1
BRF:14
BRH:11
end_of_record
TN:
SF:/home/lalis/git/p5.js-web-editor/server/controllers/user.controller/apiKey.js
FN:9,generateApiKey
FN:10,(anonymous_1)
FN:11,(anonymous_2)
FN:21,createApiKey
FN:22,(anonymous_4)
FN:23,sendFailure
FN:28,(anonymous_6)
FN:43,(anonymous_7)
FN:50,(anonymous_8)
FN:66,removeApiKey
FN:67,(anonymous_10)
FN:68,sendFailure
FN:73,(anonymous_12)
FN:84,(anonymous_13)
FN:92,(anonymous_14)
FNF:15
FNH:15
FNDA:1,generateApiKey
FNDA:1,(anonymous_1)
FNDA:1,(anonymous_2)
FNDA:3,createApiKey
FNDA:3,(anonymous_4)
FNDA:2,sendFailure
FNDA:3,(anonymous_6)
FNDA:1,(anonymous_7)
FNDA:1,(anonymous_8)
FNDA:3,removeApiKey
FNDA:3,(anonymous_10)
FNDA:2,sendFailure
FNDA:3,(anonymous_12)
FNDA:1,(anonymous_13)
FNDA:1,(anonymous_14)
DA:10,1
DA:11,1
DA:12,1
DA:13,0
DA:15,1
DA:16,1
DA:22,3
DA:24,2
DA:25,2
DA:28,3
DA:29,3
DA:30,1
DA:31,1
DA:34,2
DA:35,1
DA:36,1
DA:39,1
DA:41,1
DA:43,1
DA:44,1
DA:45,0
DA:46,0
DA:49,1
DA:51,1
DA:52,1
DA:54,1
DA:59,1
DA:60,1
DA:67,3
DA:69,2
DA:70,2
DA:73,3
DA:74,3
DA:75,0
DA:76,0
DA:79,3
DA:80,1
DA:81,1
DA:84,2
DA:85,2
DA:86,1
DA:87,1
DA:90,1
DA:92,1
DA:93,1
DA:94,0
DA:95,0
DA:98,1
DA:99,1
LF:49
LH:42
BRDA:12,0,0,0
BRDA:12,0,1,1
BRDA:29,1,0,1
BRDA:29,1,1,2
BRDA:34,2,0,1
BRDA:34,2,1,1
BRDA:44,3,0,0
BRDA:44,3,1,1
BRDA:54,4,0,1
BRDA:54,4,1,0
BRDA:74,5,0,0
BRDA:74,5,1,3
BRDA:79,6,0,1
BRDA:79,6,1,2
BRDA:85,7,0,1
BRDA:85,7,1,1
BRDA:93,8,0,0
BRDA:93,8,1,1
BRF:18
BRH:13
end_of_record
TN:
SF:/home/lalis/git/p5.js-web-editor/server/domain-objects/Project.js
FN:16,toApi
FN:31,transformFilesInner
FN:35,(anonymous_2)
FN:82,transformFiles
FN:95,(anonymous_4)
FN:106,containsRootHtmlFile
FN:107,(anonymous_6)
FN:115,toModel
FNF:8
FNH:7
FNDA:0,toApi
FNDA:40,transformFilesInner
FNDA:52,(anonymous_2)
FNDA:17,transformFiles
FNDA:5,(anonymous_4)
FNDA:14,containsRootHtmlFile
FNDA:11,(anonymous_6)
FNDA:11,toModel
DA:8,3
DA:9,3
DA:17,0
DA:32,40
DA:33,40
DA:35,40
DA:36,52
DA:37,52
DA:39,52
DA:40,23
DA:47,23
DA:51,23
DA:52,23
DA:53,23
DA:55,29
DA:61,29
DA:62,1
DA:63,28
DA:64,23
DA:66,5
DA:69,29
DA:74,52
DA:75,35
DA:79,40
DA:83,17
DA:89,17
DA:91,17
DA:92,4
DA:95,5
DA:97,4
DA:98,4
DA:100,4
DA:103,13
DA:107,14
DA:116,11
DA:117,11
DA:119,11
DA:120,8
DA:121,5
DA:124,8
DA:126,3
DA:129,6
DA:130,6
DA:132,6
LF:44
LH:43
BRDA:31,0,0,0
BRDA:39,1,0,23
BRDA:39,1,1,29
BRDA:61,2,0,1
BRDA:61,2,1,28
BRDA:63,3,0,23
BRDA:63,3,1,5
BRDA:74,4,0,35
BRDA:74,4,1,17
BRDA:82,5,0,0
BRDA:91,6,0,4
BRDA:91,6,1,13
BRDA:119,7,0,8
BRDA:119,7,1,3
BRDA:120,8,0,5
BRDA:120,8,1,3
BRF:16
BRH:14
end_of_record
TN:
SF:/home/lalis/git/p5.js-web-editor/server/domain-objects/createDefaultFiles.js
FN:36,createDefaultFiles
FNF:1
FNH:1
FNDA:5,createDefaultFiles
DA:1,3
DA:10,3
DA:27,3
DA:37,5
LF:4
LH:4
BRF:0
BRH:0
end_of_record
TN:
SF:/home/lalis/git/p5.js-web-editor/server/models/project.js
FN:22,getFileId
FN:42,getProjectId
FN:50,generateSlug
FN:63,isSlugUnique
FN:74,(anonymous_4)
FNF:5
FNH:2
FNDA:0,getFileId
FNDA:3,getProjectId
FNDA:5,generateSlug
FNDA:0,isSlugUnique
FNDA:0,(anonymous_4)
DA:8,5
DA:10,5
DA:22,5
DA:23,0
DA:26,5
DA:30,5
DA:42,5
DA:43,3
DA:46,5
DA:50,5
DA:51,5
DA:53,5
DA:54,5
DA:57,5
DA:63,5
DA:64,0
DA:65,0
DA:67,0
DA:68,0
DA:72,0
DA:74,0
DA:77,0
DA:78,0
DA:81,0
DA:83,0
DA:84,0
DA:87,0
LF:27
LH:14
BRDA:53,0,0,5
BRDA:53,0,1,0
BRDA:74,1,0,0
BRDA:74,1,1,0
BRDA:77,2,0,0
BRDA:77,2,1,0
BRDA:83,3,0,0
BRDA:83,3,1,0
BRF:8
BRH:1
end_of_record
TN:
SF:/home/lalis/git/p5.js-web-editor/server/models/user.js
FN:19,getApiKeyId
FN:28,apiKeyMetadata
FN:76,checkPassword
FN:79,(anonymous_3)
FN:81,(anonymous_4)
FN:92,checkApiKey
FN:96,(anonymous_6)
FN:99,(anonymous_7)
FN:101,(anonymous_8)
FN:112,idToString
FN:123,comparePassword
FN:125,(anonymous_11)
FN:133,findMatchingKey
FN:135,(anonymous_13)
FN:144,findByMailOrName
FNF:15
FNH:2
FNDA:3,getApiKeyId
FNDA:1,apiKeyMetadata
FNDA:0,checkPassword
FNDA:0,(anonymous_3)
FNDA:0,(anonymous_4)
FNDA:0,checkApiKey
FNDA:0,(anonymous_6)
FNDA:0,(anonymous_7)
FNDA:0,(anonymous_8)
FNDA:0,idToString
FNDA:0,comparePassword
FNDA:0,(anonymous_11)
FNDA:0,findMatchingKey
FNDA:0,(anonymous_13)
FNDA:0,findByMailOrName
DA:3,6
DA:5,6
DA:11,6
DA:13,6
DA:19,6
DA:20,3
DA:29,1
DA:34,6
DA:38,6
DA:43,6
DA:76,6
DA:77,0
DA:78,0
DA:79,0
DA:80,0
DA:81,0
DA:82,0
DA:83,0
DA:84,0
DA:92,6
DA:93,0
DA:94,0
DA:95,0
DA:96,0
DA:97,0
DA:98,0
DA:99,0
DA:100,0
DA:101,0
DA:102,0
DA:103,0
DA:104,0
DA:109,0
DA:112,6
DA:113,0
DA:116,6
DA:123,6
DA:125,0
DA:126,0
DA:133,6
DA:134,0
DA:135,0
DA:136,0
DA:137,0
DA:138,0
DA:141,0
DA:144,6
DA:145,0
DA:152,0
DA:155,6
LF:50
LH:18
BRDA:78,0,0,0
BRDA:78,0,1,0
BRDA:80,1,0,0
BRDA:80,1,1,0
BRDA:82,2,0,0
BRDA:82,2,1,0
BRDA:94,3,0,0
BRDA:94,3,1,0
BRDA:97,4,0,0
BRDA:97,4,1,0
BRDA:100,5,0,0
BRDA:100,5,1,0
BRDA:102,6,0,0
BRDA:102,6,1,0
BRDA:109,7,0,0
BRDA:109,7,1,0
BRDA:136,8,0,0
BRDA:136,8,1,0
BRDA:141,9,0,0
BRDA:141,9,1,0
BRF:20
BRH:0
end_of_record
TN:
SF:/home/lalis/git/p5.js-web-editor/server/utils/createApplicationErrorClass.js
FN:6,(anonymous_0)
FN:25,createApplicationErrorClass
FN:27,(anonymous_2)
FNF:3
FNH:3
FNDA:13,(anonymous_0)
FNDA:8,createApplicationErrorClass
FNDA:13,(anonymous_2)
DA:7,13
DA:8,13
DA:9,13
DA:11,13
DA:12,13
DA:13,13
DA:26,8
DA:28,13
DA:30,13
LF:9
LH:9
BRDA:6,0,0,11
BRDA:8,1,0,13
BRDA:8,1,1,0
BRF:3
BRH:2
end_of_record
TN:
SF:/home/lalis/git/p5.js-web-editor/server/utils/createId.js
FN:6,createId
FNF:1
FNH:1
FNDA:10,createId
DA:7,10
LF:1
LH:1
BRF:0
BRH:0
end_of_record
